2023-02-24 12:21:49 AM Save Links to database Started
Number of files to process: 290
Processing file page1.json
https://www.biolegend.com/en-us/products/biotin-anti-beta-amyloid-x-42-antibody-11183
https://www.biolegend.com/en-us/products/purified-anti-beta-amyloid-x-42-antibody-11239
https://www.biolegend.com/en-us/products/apc-fire-trade-750-anti-human-ig-light-chain-λ-antibody-22214
https://www.biolegend.com/en-us/products/apc-fire-trade-750-anti-human-ig-light-chain-λ-antibody-22214
https://www.biolegend.com/en-us/products/pe-anti-human-ig-light-chain-antibody-22097
https://www.biolegend.com/en-us/products/pe-anti-human-ig-light-chain-antibody-22097
https://www.biolegend.com/en-us/products/purified-anti-human-ig-light-chain-lambda-antibody-15067
https://www.biolegend.com/en-us/products/alexa-fluor-647-anti-human-tcl1-antibody-5407
https://www.biolegend.com/en-us/products/pe-anti-human-tcl1-antibody-5406
https://www.biolegend.com/en-us/products/fitc-anti-mouse-i-ak-abetak-antibody-2
https://www.biolegend.com/en-us/products/pe-anti-mouse-i-ak-abetak-antibody-3
https://www.biolegend.com/en-us/products/purified-anti-mouse-i-ak-abetak-antibody-4
https://www.biolegend.com/en-us/products/alexa-fluor-488-anti-human-cd64-antibody-3349
https://www.biolegend.com/en-us/products/alexa-fluor-647-anti-human-cd64-antibody-3350
https://www.biolegend.com/en-us/products/alexa-fluor-700-anti-human-cd64-antibody-17129
https://www.biolegend.com/en-us/products/alexa-fluor-700-anti-human-cd64-antibody-17129
https://www.biolegend.com/en-us/products/apc-anti-human-cd64-antibody-5789
https://www.biolegend.com/en-us/products/apc-anti-human-cd64-antibody-5789
https://www.biolegend.com/en-us/products/apc-cyanine7-anti-human-cd64-antibody-8196
https://www.biolegend.com/en-us/products/apc-cyanine7-anti-human-cd64-antibody-8196
https://www.biolegend.com/en-us/products/apc-fire-750-anti-human-cd64-antibody-14087
https://www.biolegend.com/en-us/products/apc-fire-750-anti-human-cd64-antibody-14087
https://www.biolegend.com/en-us/products/biotin-anti-human-cd64-antibody-535
https://www.biolegend.com/en-us/products/brilliant-violet-421-anti-human-cd64-antibody-8164
https://www.biolegend.com/en-us/products/brilliant-violet-421-anti-human-cd64-antibody-8164
https://www.biolegend.com/en-us/products/brilliant-violet-510-anti-human-cd64-antibody-8884
https://www.biolegend.com/en-us/products/brilliant-violet-510-anti-human-cd64-antibody-8884
https://www.biolegend.com/en-us/products/brilliant-violet-605-anti-human-cd64-antibody-12266
https://www.biolegend.com/en-us/products/brilliant-violet-605-anti-human-cd64-antibody-12266
https://www.biolegend.com/en-us/products/brilliant-violet-711-anti-human-cd64-antibody-17112
https://www.biolegend.com/en-us/products/brilliant-violet-711-anti-human-cd64-antibody-17112
https://www.biolegend.com/en-us/products/brilliant-violet-785-anti-human-cd64-antibody-17135
https://www.biolegend.com/en-us/products/brilliant-violet-785-anti-human-cd64-antibody-17135
https://www.biolegend.com/en-us/products/fitc-anti-human-cd64-15737
https://www.biolegend.com/en-us/products/fitc-anti-human-cd64-antibody-536
https://www.biolegend.com/en-us/products/fitc-anti-human-cd64-antibody-536
https://www.biolegend.com/en-us/products/gmp-fitc-anti-human-cd64-antibody-21315
https://www.biolegend.com/en-us/products/gmp-pe-anti-human-cd64-antibody-21314
https://www.biolegend.com/en-us/products/pacific-blue-anti-human-cd64-antibody-6086
https://www.biolegend.com/en-us/products/pacific-blue-anti-human-cd64-antibody-6086
https://www.biolegend.com/en-us/products/pe-anti-human-cd64-antibody-14019
https://www.biolegend.com/en-us/products/pe-anti-human-cd64-antibody-537
https://www.biolegend.com/en-us/products/pe-anti-human-cd64-antibody-537
https://www.biolegend.com/en-us/products/pe-cyanine7-anti-human-cd64-antibody-8194
https://www.biolegend.com/en-us/products/pe-cyanine7-anti-human-cd64-antibody-8194
https://www.biolegend.com/en-us/products/pedazzle594-anti-human-cd64-antibody-14585
https://www.biolegend.com/en-us/products/pe-dazzle-594-anti-human-cd64-antibody-10295
https://www.biolegend.com/en-us/products/pe-dazzle-594-anti-human-cd64-antibody-10295
https://www.biolegend.com/en-us/products/percp-cyanine5-5-anti-human-cd64-antibody-8195
https://www.biolegend.com/en-us/products/percp-cyanine5-5-anti-human-cd64-antibody-8195
https://www.biolegend.com/en-us/products/purified-anti-human-cd64-maxpar-ready-antibody-10129
https://www.biolegend.com/en-us/products/purified-anti-human-cd64-antibody-538
https://www.biolegend.com/en-us/products/totalseq-a0162-anti-human-cd64-antibody-16355
https://www.biolegend.com/en-us/products/totalseq-b0162-anti-human-cd64-antibody-18415
https://www.biolegend.com/en-us/products/totalseq-c0162-anti-human-cd64-antibody-17429
https://www.biolegend.com/en-us/products/totalseq-d0162-anti-human-cd64-antibody-20854
https://www.biolegend.com/en-us/products/ultra-leaf-purified-anti-human-cd64-antibody-17729
https://www.biolegend.com/en-us/products/ultra-leaf-purified-anti-human-cd64-antibody-17729
https://www.biolegend.com/en-us/products/apc-anti-mouse-folate-receptor-beta-fr-beta-antibody-15144
https://www.biolegend.com/en-us/products/apc-anti-mouse-folate-receptor-beta-fr-beta-antibody-15144
https://www.biolegend.com/en-us/products/pe-anti-mouse-folate-receptor-beta-fr-beta-antibody-15147
https://www.biolegend.com/en-us/products/pe-anti-mouse-folate-receptor-beta-fr-beta-antibody-15147
https://www.biolegend.com/en-us/products/purified-anti-mouse-folate-receptor-beta-fr-beta-antibody-14661
https://www.biolegend.com/en-us/products/totalseq-a0564-anti-mouse-folate-receptor-beta-fr-beta-antibody-17205
https://www.biolegend.com/en-us/products/totalseq-b0564-anti-mouse-folate-receptor-b-fr-b-20039
https://www.biolegend.com/en-us/products/alexa-fluor-488-anti-bcl-2-antibody-9359
https://www.biolegend.com/en-us/products/alexa-fluor-488-anti-bcl-2-antibody-9359
https://www.biolegend.com/en-us/products/alexa-fluor-647-anti-bcl-2-antibody-9358
https://www.biolegend.com/en-us/products/alexa-fluor-647-anti-bcl-2-antibody-9358
https://www.biolegend.com/en-us/products/brilliant-violet-421-anti-bcl-2-antibody-9592
https://www.biolegend.com/en-us/products/pe-anti-bcl-2-antibody-9591
https://www.biolegend.com/en-us/products/pe-anti-bcl-2-antibody-9591
https://www.biolegend.com/en-us/products/purified-anti-bcl-2-antibody-9147
https://www.biolegend.com/en-us/products/purified-anti-bcl-2-antibody-9147
https://www.biolegend.com/en-us/products/alexa-fluor-488-anti-mouse-cd45-2-antibody-3106
https://www.biolegend.com/en-us/products/alexa-fluor-488-anti-mouse-cd45-2-antibody-3106
https://www.biolegend.com/en-us/products/alexa-fluor-594-anti-mouse-cd45-2-antibody-13446
https://www.biolegend.com/en-us/products/alexa-fluor-647-anti-mouse-cd45-2-antibody-3107
https://www.biolegend.com/en-us/products/alexa-fluor-647-anti-mouse-cd45-2-antibody-3107
https://www.biolegend.com/en-us/products/alexa-fluor-700-anti-mouse-cd45-2-antibody-3393
https://www.biolegend.com/en-us/products/alexa-fluor-700-anti-mouse-cd45-2-antibody-3393
https://www.biolegend.com/en-us/products/apc-anti-mouse-cd45-2-antibody-2759
https://www.biolegend.com/en-us/products/apc-anti-mouse-cd45-2-antibody-2759
https://www.biolegend.com/en-us/products/apc-cyanine7-anti-mouse-cd45-2-antibody-3906
https://www.biolegend.com/en-us/products/apc-cyanine7-anti-mouse-cd45-2-antibody-3906
https://www.biolegend.com/en-us/products/apc-fire-750-anti-mouse-cd45-2-antibody-13589
https://www.biolegend.com/en-us/products/apc-fire-750-anti-mouse-cd45-2-antibody-13589
https://www.biolegend.com/en-us/products/biotin-anti-mouse-cd45-2-antibody-5
https://www.biolegend.com/en-us/products/biotin-anti-mouse-cd45-2-antibody-5
https://www.biolegend.com/en-us/products/brilliant-violet-421-anti-mouse-cd45-2-antibody-7328
https://www.biolegend.com/en-us/products/brilliant-violet-421-anti-mouse-cd45-2-antibody-7328
https://www.biolegend.com/en-us/products/brilliant-violet-510-anti-mouse-cd45-2-antibody-7998
https://www.biolegend.com/en-us/products/brilliant-violet-510-anti-mouse-cd45-2-antibody-7998
https://www.biolegend.com/en-us/products/brilliant-violet-570-anti-mouse-cd45-2-antibody-7455
https://www.biolegend.com/en-us/products/brilliant-violet-605-anti-mouse-cd45-2-antibody-9695
https://www.biolegend.com/en-us/products/brilliant-violet-650-anti-mouse-cd45-2-antibody-7849
https://www.biolegend.com/en-us/products/brilliant-violet-650-anti-mouse-cd45-2-antibody-7849
https://www.biolegend.com/en-us/products/brilliant-violet-711-anti-mouse-cd45-2-antibody-13278
https://www.biolegend.com/en-us/products/brilliant-violet-750-anti-mouse-cd45-2-antibody-18842
https://www.biolegend.com/en-us/products/brilliant-violet-785-anti-mouse-cd45-2-antibody-8924
Processing file page10.json
https://www.biolegend.com/en-us/products/fitc-anti-mouse-cd80-antibody-41
https://www.biolegend.com/en-us/products/pacific-blue-anti-mouse-cd80-antibody-6267
https://www.biolegend.com/en-us/products/pacific-blue-anti-mouse-cd80-antibody-6267
https://www.biolegend.com/en-us/products/pe-anti-mouse-cd80-antibody-43
https://www.biolegend.com/en-us/products/pe-anti-mouse-cd80-antibody-43
https://www.biolegend.com/en-us/products/pe-cyanine5-anti-mouse-cd80-antibody-2339
https://www.biolegend.com/en-us/products/pe-cyanine5-anti-mouse-cd80-antibody-2339
https://www.biolegend.com/en-us/products/pe-cyanine7-anti-mouse-cd80-antibody-9320
https://www.biolegend.com/en-us/products/pe-cyanine7-anti-mouse-cd80-antibody-9320
https://www.biolegend.com/en-us/products/pe-dazzle-594-anti-mouse-cd80-antibody-10221
https://www.biolegend.com/en-us/products/pe-dazzle-594-anti-mouse-cd80-antibody-10221
https://www.biolegend.com/en-us/products/pe-fire-640-anti-mouse-cd80-antibody-21758
https://www.biolegend.com/en-us/products/percp-cyanine5-5-anti-mouse-cd80-antibody-4275
https://www.biolegend.com/en-us/products/percp-cyanine5-5-anti-mouse-cd80-antibody-4275
https://www.biolegend.com/en-us/products/purified-anti-mouse-cd80-maxpar-ready-antibody-10092
https://www.biolegend.com/en-us/products/purified-anti-mouse-cd80-antibody-44
https://www.biolegend.com/en-us/products/spark-nir-685-anti-mouse-cd80-antibody-22243
https://www.biolegend.com/en-us/products/spark-nir-685-anti-mouse-cd80-antibody-22243
https://www.biolegend.com/en-us/products/totalseq-a0849-anti-mouse-cd80-antibody-18160
https://www.biolegend.com/en-us/products/totalseq-b0849-anti-mouse-cd80-antibody-20325
https://www.biolegend.com/en-us/products/totalseq-c0849-anti-mouse-cd80-antibody-18439
https://www.biolegend.com/en-us/products/ultra-leaf-purified-anti-mouse-cd80-antibody-18480
https://www.biolegend.com/en-us/products/ultra-leaf-purified-anti-mouse-cd80-antibody-18480
https://www.biolegend.com/en-us/products/ultra-leaf-purified-anti-mouse-cd80-antibody-18480
https://www.biolegend.com/en-us/products/ultra-leaf-purified-anti-mouse-cd80-antibody-18480
https://www.biolegend.com/en-us/products/ultra-leaf-purified-anti-mouse-cd80-antibody-18480
https://www.biolegend.com/en-us/products/ultra-leaf-purified-anti-mouse-cd80-antibody-18480
https://www.biolegend.com/en-us/products/alexa-fluor-647-anti-human-cd319-cracc-antibody-15331
https://www.biolegend.com/en-us/products/alexa-fluor-647-anti-human-cd319-cracc-antibody-15331
https://www.biolegend.com/en-us/products/apc-anti-human-cd319-cracc-antibody-10387
https://www.biolegend.com/en-us/products/apc-anti-human-cd319-cracc-antibody-10387
https://www.biolegend.com/en-us/products/fitc-anti-human-cd319-cracc-antibody-15329
https://www.biolegend.com/en-us/products/fitc-anti-human-cd319-cracc-antibody-15329
https://www.biolegend.com/en-us/products/pe-anti-human-cd319-cracc-antibody-4488
https://www.biolegend.com/en-us/products/pe-cyanine7-anti-human-cd319-cracc-antibody-10758
https://www.biolegend.com/en-us/products/pe-cyanine7-anti-human-cd319-cracc-antibody-10758
https://www.biolegend.com/en-us/products/pe-dazzle-594-anti-human-cd319-cracc-antibody-10757
https://www.biolegend.com/en-us/products/pe-dazzle-594-anti-human-cd319-cracc-antibody-10757
https://www.biolegend.com/en-us/products/percp-cyanine5-5-anti-human-cd319-cracc-antibody-4489
https://www.biolegend.com/en-us/products/percp-cyanine5-5-anti-human-cd319-cracc-antibody-4489
https://www.biolegend.com/en-us/products/purified-anti-human-cd319-cracc-antibody-4483
https://www.biolegend.com/en-us/products/totalseq-a0830-anti-human-cd319-cracc-antibody-17140
https://www.biolegend.com/en-us/products/totalseq-b0830-anti-human-cd319-cracc-antibody-20068
https://www.biolegend.com/en-us/products/totalseq-c0830-anti-human-cd319-cracc-antibody-17840
https://www.biolegend.com/en-us/products/apc-anti-human-cd227-muc-1-antibody-10810
https://www.biolegend.com/en-us/products/apc-anti-human-cd227-muc-1-antibody-10810
https://www.biolegend.com/en-us/products/pe-anti-human-cd227-muc-1-antibody-8242
https://www.biolegend.com/en-us/products/pe-anti-human-cd227-muc-1-antibody-8242
https://www.biolegend.com/en-us/products/pe-cyanine7-anti-human-cd227-muc-1-antibody-10300
https://www.biolegend.com/en-us/products/pe-cyanine7-anti-human-cd227-muc-1-antibody-10300
https://www.biolegend.com/en-us/products/purified-anti-human-cd227-muc-1-antibody-8241
https://www.biolegend.com/en-us/products/purified-anti-human-cd227-muc-1-antibody-8241
https://www.biolegend.com/en-us/products/totalseq-d1250-anti-human-cd227-muc-1-22484
https://www.biolegend.com/en-us/products/apc-anti-human-cd140a-pdgfralpha-antibody-16585
https://www.biolegend.com/en-us/products/apc-anti-human-cd140a-pdgfralpha-antibody-16585
https://www.biolegend.com/en-us/products/biotin-anti-human-cd140a-pdgfralpha-antibody-3726
https://www.biolegend.com/en-us/products/biotin-anti-human-cd140a-pdgfralpha-antibody-3726
https://www.biolegend.com/en-us/products/pe-anti-human-cd140a-pdgfralpha-antibody-3727
https://www.biolegend.com/en-us/products/pe-anti-human-cd140a-pdgfralpha-antibody-3727
https://www.biolegend.com/en-us/products/pe-cyanine7-anti-human-cd140a-pdgfralpha-antibody-11771
https://www.biolegend.com/en-us/products/pe-cyanine7-anti-human-cd140a-pdgfralpha-antibody-11771
https://www.biolegend.com/en-us/products/purified-anti-human-cd140a-pdgfralpha-antibody-3725
https://www.biolegend.com/en-us/products/totalseq-a0128-anti-human-cd140a-pdgfralpha-antibody-16488
https://www.biolegend.com/en-us/products/totalseq-b0128-anti-human-cd140a-pdgfralpha-antibody-19586
https://www.biolegend.com/en-us/products/totalseq-c0128-anti-human-cd140a-pdgfra-antibody-19365
https://www.biolegend.com/en-us/products/totalseq-d0128-anti-human-cd140a-pdgfr-antibody-22403
https://www.biolegend.com/en-us/products/apc-anti-mouse-cd159a-nkg2ab6-antibody-7610
https://www.biolegend.com/en-us/products/apc-anti-mouse-cd159a-nkg2ab6-antibody-7610
https://www.biolegend.com/en-us/products/pe-anti-mouse-cd159a-nkg2ab6-antibody-7543
https://www.biolegend.com/en-us/products/pe-anti-mouse-cd159a-nkg2ab6-antibody-7543
https://www.biolegend.com/en-us/products/pe-cyanine7-anti-mouse-cd159a-nkg2ab6-antibody-15575
https://www.biolegend.com/en-us/products/pe-cyanine7-anti-mouse-cd159a-nkg2ab6-antibody-15575
https://www.biolegend.com/en-us/products/purified-anti-mouse-cd159a-nkg2ab6-antibody-7586
https://www.biolegend.com/en-us/products/totalseq-a0927-anti-mouse-cd159a-nkg2ab6-antibody-20700
https://www.biolegend.com/en-us/products/pe-anti-mouse-trem-like-4-treml4-antibody-7595
https://www.biolegend.com/en-us/products/pe-anti-mouse-trem-like-4-treml4-antibody-7595
https://www.biolegend.com/en-us/products/purified-anti-mouse-trem-like-4-treml4-antibody-7594
https://www.biolegend.com/en-us/products/alexa-fluor-488-anti-human-cadherin-11-antibody-14620
https://www.biolegend.com/en-us/products/alexa-fluor-647-anti-human-cadherin-11-antibody-15041
https://www.biolegend.com/en-us/products/apc-anti-human-cadherin-11-antibody-12896
https://www.biolegend.com/en-us/products/apc-anti-human-cadherin-11-antibody-12896
https://www.biolegend.com/en-us/products/pe-anti-human-cadherin-11-antibody-12898
https://www.biolegend.com/en-us/products/pe-anti-human-cadherin-11-antibody-12898
https://www.biolegend.com/en-us/products/pe-cyanine7-anti-human-cadherin-11-antibody-12900
https://www.biolegend.com/en-us/products/pe-cyanine7-anti-human-cadherin-11-antibody-12900
https://www.biolegend.com/en-us/products/purified-anti-human-cadherin-11-antibody-12435
https://www.biolegend.com/en-us/products/totalseq-c0131-anti-human-cadherin-11-antibody-20784
https://www.biolegend.com/en-us/products/anti-bg-4-antibody-11016
https://www.biolegend.com/en-us/products/alexa-fluor-488-anti-atg5-antibody-16610
https://www.biolegend.com/en-us/products/alexa-fluor-488-anti-atg5-antibody-16610
https://www.biolegend.com/en-us/products/alexa-fluor-594-anti-atg5-antibody-16469
https://www.biolegend.com/en-us/products/alexa-fluor-594-anti-atg5-antibody-16469
https://www.biolegend.com/en-us/products/alexa-fluor-647-anti-atg5-antibody-18470
https://www.biolegend.com/en-us/products/alexa-fluor-647-anti-atg5-antibody-18470
https://www.biolegend.com/en-us/products/purified-anti-atg5-antibody-13537
https://www.biolegend.com/en-us/products/purified-anti-atg5-antibody-13537
https://www.biolegend.com/en-us/products/spark-yg-570-anti-atg5-antibody-21893
https://www.biolegend.com/en-us/products/spark-yg-570-anti-atg5-antibody-21893
https://www.biolegend.com/en-us/products/apc-anti-human-cd360-il-21r-antibody-9372
https://www.biolegend.com/en-us/products/apc-anti-human-cd360-il-21r-antibody-9372
Processing file page2.json
https://www.biolegend.com/en-us/products/fitc-anti-mouse-cd45-2-antibody-6
https://www.biolegend.com/en-us/products/fitc-anti-mouse-cd45-2-antibody-6
https://www.biolegend.com/en-us/products/pacific-blue-anti-mouse-cd45-2-antibody-3108
https://www.biolegend.com/en-us/products/pacific-blue-anti-mouse-cd45-2-antibody-3108
https://www.biolegend.com/en-us/products/pe-anti-mouse-cd45-2-antibody-7
https://www.biolegend.com/en-us/products/pe-anti-mouse-cd45-2-antibody-7
https://www.biolegend.com/en-us/products/pe-cyanine7-anti-mouse-cd45-2-antibody-4918
https://www.biolegend.com/en-us/products/pe-cyanine7-anti-mouse-cd45-2-antibody-4918
https://www.biolegend.com/en-us/products/pe-dazzle-594-anti-mouse-cd45-2-antibody-10261
https://www.biolegend.com/en-us/products/pe-dazzle-594-anti-mouse-cd45-2-antibody-10261
https://www.biolegend.com/en-us/products/percp-anti-mouse-cd45-2-antibody-4270
https://www.biolegend.com/en-us/products/percp-anti-mouse-cd45-2-antibody-4270
https://www.biolegend.com/en-us/products/percp-cyanine5-5-anti-mouse-cd452-antibody-4271
https://www.biolegend.com/en-us/products/percp-cyanine5-5-anti-mouse-cd452-antibody-4271
https://www.biolegend.com/en-us/products/purified-anti-mouse-cd45-2-maxpar-ready-antibody-10099
https://www.biolegend.com/en-us/products/purified-anti-mouse-cd45-2-antibody-8
https://www.biolegend.com/en-us/products/spark-blue-550-anti-mouse-cd45-2-antibody-19231
https://www.biolegend.com/en-us/products/spark-blue-550-anti-mouse-cd45-2-antibody-19231
https://www.biolegend.com/en-us/products/spark-nir-685-anti-mouse-cd45-2-antibody-19729
https://www.biolegend.com/en-us/products/spark-nir-685-anti-mouse-cd45-2-antibody-19729
https://www.biolegend.com/en-us/products/totalseq-a0157-anti-mouse-cd452-antibody-16770
https://www.biolegend.com/en-us/products/totalseq-b0157-anti-mouse-cd45-2-antibody-18438
https://www.biolegend.com/en-us/products/totalseq-c0157-anti-mouse-cd452-antibody-18454
https://www.biolegend.com/en-us/products/alexa-fluor-488-anti-human-cd117-c-kit-antibody-12169
https://www.biolegend.com/en-us/products/alexa-fluor-488-anti-human-cd117-c-kit-antibody-12169
https://www.biolegend.com/en-us/products/alexa-fluor-647-anti-human-cd117-c-kit-antibody-12170
https://www.biolegend.com/en-us/products/alexa-fluor-647-anti-human-cd117-c-kit-antibody-12170
https://www.biolegend.com/en-us/products/alexa-fluor-700-anti-human-cd117-c-kit-antibody-19527
https://www.biolegend.com/en-us/products/alexa-fluor-700-anti-human-cd117-c-kit-antibody-19527
https://www.biolegend.com/en-us/products/apc-anti-human-cd117-c-kit-antibody-14018
https://www.biolegend.com/en-us/products/apc-anti-human-cd117-c-kit-antibody-2374
https://www.biolegend.com/en-us/products/apc-anti-human-cd117-c-kit-antibody-2374
https://www.biolegend.com/en-us/products/apc-cyanine7-anti-human-cd117-c-kit-antibody-12166
https://www.biolegend.com/en-us/products/apc-cyanine7-anti-human-cd117-c-kit-antibody-12166
https://www.biolegend.com/en-us/products/apc-fire-750-anti-human-cd117-c-kit-21202
https://www.biolegend.com/en-us/products/apc-fire-750-anti-human-cd117-c-kit-antibody-13926
https://www.biolegend.com/en-us/products/apc-fire-750-anti-human-cd117-c-kit-antibody-13926
https://www.biolegend.com/en-us/products/biotin-anti-human-cd117-c-kit-antibody-2648
https://www.biolegend.com/en-us/products/brilliant-violet-421-anti-human-cd117-c-kit-antibody-7348
https://www.biolegend.com/en-us/products/brilliant-violet-421-anti-human-cd117-c-kit-antibody-7348
https://www.biolegend.com/en-us/products/brilliant-violet-510-anti-human-cd117-c-kit-antibody-8546
https://www.biolegend.com/en-us/products/brilliant-violet-510-anti-human-cd117-c-kit-antibody-8546
https://www.biolegend.com/en-us/products/brilliant-violet-605-anti-human-cd117-c-kit-antibody-8494
https://www.biolegend.com/en-us/products/brilliant-violet-605-anti-human-cd117-c-kit-antibody-8494
https://www.biolegend.com/en-us/products/brilliant-violet-650-anti-human-cd117-c-kit-antibody-9039
https://www.biolegend.com/en-us/products/brilliant-violet-650-anti-human-cd117-c-kit-antibody-9039
https://www.biolegend.com/en-us/products/brilliant-violet-711-anti-human-cd117-c-kit-antibody-12167
https://www.biolegend.com/en-us/products/brilliant-violet-711-anti-human-cd117-c-kit-antibody-12167
https://www.biolegend.com/en-us/products/brilliant-violet-785-anti-human-cd117-c-kit-antibody-13694
https://www.biolegend.com/en-us/products/brilliant-violet-785-anti-human-cd117-c-kit-antibody-13694
https://www.biolegend.com/en-us/products/fitc-anti-human-cd117-c-kit-antibody-12168
https://www.biolegend.com/en-us/products/fitc-anti-human-cd117-c-kit-antibody-12168
https://www.biolegend.com/en-us/products/gmp-apc-anti-human-cd117-c-kit-antibody-22184
https://www.biolegend.com/en-us/products/gmp-pe-anti-human-cd117-c-kit-antibody-22186
https://www.biolegend.com/en-us/products/pe-anti-human-cd117-c-kit-antibody-14017
https://www.biolegend.com/en-us/products/pe-anti-human-cd117-c-kit-antibody-2373
https://www.biolegend.com/en-us/products/pe-anti-human-cd117-c-kit-antibody-2373
https://www.biolegend.com/en-us/products/pe-cyanine5-anti-human-cd117-c-kit-antibody-4061
https://www.biolegend.com/en-us/products/pecyanine7-anti-human-cd117-c-kit-21459
https://www.biolegend.com/en-us/products/pe-cyanine7-anti-human-cd117-c-kit-antibody-4062
https://www.biolegend.com/en-us/products/pe-cyanine7-anti-human-cd117-c-kit-antibody-4062
https://www.biolegend.com/en-us/products/pedazzle-594-anti-human-cd117-c-kit-21679
https://www.biolegend.com/en-us/products/pe-dazzle-594-anti-human-cd117-c-kit-antibody-12165
https://www.biolegend.com/en-us/products/pe-dazzle-594-anti-human-cd117-c-kit-antibody-12165
https://www.biolegend.com/en-us/products/percp-cyanine5-5-anti-human-cd117-c-kit-22077
https://www.biolegend.com/en-us/products/percp-cyanine5-5-anti-human-cd117-c-kit-antibody-4247
https://www.biolegend.com/en-us/products/percp-cyanine5-5-anti-human-cd117-c-kit-antibody-4247
https://www.biolegend.com/en-us/products/purified-anti-human-cd117-c-kit-maxpar-ready-antibody-9196
https://www.biolegend.com/en-us/products/purified-anti-human-cd117-c-kit-antibody-2372
https://www.biolegend.com/en-us/products/purified-anti-human-cd117-c-kit-antibody-2372
https://www.biolegend.com/en-us/products/spark-nir-685-anti-human-cd117-c-kit-antibody-20647
https://www.biolegend.com/en-us/products/spark-nir-685-anti-human-cd117-c-kit-antibody-20647
https://www.biolegend.com/en-us/products/totalseq-a0061-anti-human-cd117-c-kit-antibody-15951
https://www.biolegend.com/en-us/products/totalseq-b0061-anti-human-cd117-c-kit-antibody-19161
https://www.biolegend.com/en-us/products/totalseq-c0061-anti-human-cd117-c-kit-antibody-17718
https://www.biolegend.com/en-us/products/totalseq-d0061-anti-human-cd117-c-kit-antibody-21441
https://www.biolegend.com/en-us/products/alexa-fluor-647-anti-mouse-human-a2b5-antibody-12457
https://www.biolegend.com/en-us/products/alexa-fluor-647-anti-mouse-human-a2b5-antibody-12457
https://www.biolegend.com/en-us/products/purified-anti-mouse-human-a2b5-antibody-12456
https://www.biolegend.com/en-us/products/alexa-fluor-488-anti-human-cd357-gitr-antibody-14216
https://www.biolegend.com/en-us/products/alexa-fluor-488-anti-human-cd357-gitr-antibody-14216
https://www.biolegend.com/en-us/products/alexa-fluor-647-anti-human-cd357-gitr-antibody-14627
https://www.biolegend.com/en-us/products/alexa-fluor-647-anti-human-cd357-gitr-antibody-14627
https://www.biolegend.com/en-us/products/apc-anti-human-cd357-gitr-antibody-13309
https://www.biolegend.com/en-us/products/apc-anti-human-cd357-gitr-antibody-13309
https://www.biolegend.com/en-us/products/apc-fire-750-anti-human-cd357-gitr-antibody-14487
https://www.biolegend.com/en-us/products/apc-fire-750-anti-human-cd357-gitr-antibody-14487
https://www.biolegend.com/en-us/products/biotin-anti-human-cd357-gitr-antibody-14459
https://www.biolegend.com/en-us/products/brilliant-violet-421-anti-human-cd357-gitr-antibody-13281
https://www.biolegend.com/en-us/products/brilliant-violet-421-anti-human-cd357-gitr-antibody-13281
https://www.biolegend.com/en-us/products/brilliant-violet-605-anti-human-cd357-gitr-antibody-14422
https://www.biolegend.com/en-us/products/brilliant-violet-605-anti-human-cd357-gitr-antibody-14422
https://www.biolegend.com/en-us/products/brilliant-violet-711-anti-human-cd357-gitr-antibody
