2023-02-24 12:33:27 AM Save Links to database Started
Number of files to process: 290
Processing file page13.json
https://www.biolegend.com/en-us/products/alexa-fluor-647-anti-mouse-ly-6g-antibody-4780
https://www.biolegend.com/en-us/products/alexa-fluor-700-anti-mouse-ly-6g-antibody-6754
https://www.biolegend.com/en-us/products/alexa-fluor-700-anti-mouse-ly-6g-antibody-6754
https://www.biolegend.com/en-us/products/apc-anti-mouse-ly-6g-antibody-6115
https://www.biolegend.com/en-us/products/apc-anti-mouse-ly-6g-antibody-6115
https://www.biolegend.com/en-us/products/apc-cyanine7-anti-mouse-ly-6g-antibody-6755
https://www.biolegend.com/en-us/products/apc-cyanine7-anti-mouse-ly-6g-antibody-6755
https://www.biolegend.com/en-us/products/apc-fire-750-anti-mouse-ly-6g-antibody-13198
https://www.biolegend.com/en-us/products/apc-fire-750-anti-mouse-ly-6g-antibody-13198
https://www.biolegend.com/en-us/products/apc-fire-810-anti-mouse-ly-6g-antibody-21380
https://www.biolegend.com/en-us/products/apc-fire-810-anti-mouse-ly-6g-antibody-21380
https://www.biolegend.com/en-us/products/biotin-anti-mouse-ly-6g-antibody-4772
https://www.biolegend.com/en-us/products/biotin-anti-mouse-ly-6g-antibody-4772
https://www.biolegend.com/en-us/products/brilliant-violet-421-anti-mouse-ly-6g-antibody-7161
https://www.biolegend.com/en-us/products/brilliant-violet-421-anti-mouse-ly-6g-antibody-7161
https://www.biolegend.com/en-us/products/brilliant-violet-510-anti-mouse-ly-6g-antibody-9121
https://www.biolegend.com/en-us/products/brilliant-violet-570-anti-mouse-ly-6g-antibody-7393
https://www.biolegend.com/en-us/products/brilliant-violet-605-anti-mouse-ly-6g-antibody-12244
https://www.biolegend.com/en-us/products/brilliant-violet-650-anti-mouse-ly-6g-antibody-11981
https://www.biolegend.com/en-us/products/brilliant-violet-711-anti-mouse-ly-6g-antibody-12062
https://www.biolegend.com/en-us/products/brilliant-violet-785-anti-mouse-ly-6g-antibody-12245
https://www.biolegend.com/en-us/products/fitc-anti-mouse-ly-6g-antibody-4775
https://www.biolegend.com/en-us/products/fitc-anti-mouse-ly-6g-antibody-4775
https://www.biolegend.com/en-us/products/pacific-blue-anti-mouse-ly-6g-antibody-6082
https://www.biolegend.com/en-us/products/pacific-blue-anti-mouse-ly-6g-antibody-6082
https://www.biolegend.com/en-us/products/pe-anti-mouse-ly-6g-antibody-4777
https://www.biolegend.com/en-us/products/pe-anti-mouse-ly-6g-antibody-4777
https://www.biolegend.com/en-us/products/pe-cyanine5-anti-mouse-ly-6g-antibody-21576
https://www.biolegend.com/en-us/products/pe-cyanine5-anti-mouse-ly-6g-antibody-21576
https://www.biolegend.com/en-us/products/pe-cyanine7-anti-mouse-ly-6g-antibody-6139
https://www.biolegend.com/en-us/products/pe-cyanine7-anti-mouse-ly-6g-antibody-6139
https://www.biolegend.com/en-us/products/pe-dazzle-594-anti-mouse-ly-6g-antibody-12246
https://www.biolegend.com/en-us/products/pe-dazzle-594-anti-mouse-ly-6g-antibody-12246
https://www.biolegend.com/en-us/products/pe-fire-640-anti-mouse-ly-6g-antibody-22238
https://www.biolegend.com/en-us/products/pe-fire-640-anti-mouse-ly-6g-antibody-22238
https://www.biolegend.com/en-us/products/pe-fire-810-anti-mouse-ly-6g-antibody-21590
https://www.biolegend.com/en-us/products/percp-anti-mouse-ly-6g-antibody-13351
https://www.biolegend.com/en-us/products/percp-anti-mouse-ly-6g-antibody-13351
https://www.biolegend.com/en-us/products/percp-cyanine5-5-anti-mouse-ly-6g-antibody-6116
https://www.biolegend.com/en-us/products/percp-cyanine5-5-anti-mouse-ly-6g-antibody-6116
https://www.biolegend.com/en-us/products/purified-anti-mouse-ly-6g-maxpar-ready-antibody-10114
https://www.biolegend.com/en-us/products/purified-anti-mouse-ly-6g-antibody-4767
https://www.biolegend.com/en-us/products/purified-anti-mouse-ly-6g-antibody-4767
https://www.biolegend.com/en-us/products/spark-blue-550-anti-mouse-ly-6g-antibody-19228
https://www.biolegend.com/en-us/products/spark-blue-550-anti-mouse-ly-6g-antibody-19228
https://www.biolegend.com/en-us/products/spark-nir-685-anti-mouse-ly-6g-antibody-19731
https://www.biolegend.com/en-us/products/spark-nir-685-anti-mouse-ly-6g-antibody-19731
https://www.biolegend.com/en-us/products/spark-uv-387-anti-mouse-ly-6g-antibody-22134
https://www.biolegend.com/en-us/products/spark-uv-387-anti-mouse-ly-6g-antibody-22134
https://www.biolegend.com/en-us/products/spark-yg-593-anti-mouse-ly-6g-antibody-20912
https://www.biolegend.com/en-us/products/spark-yg-593-anti-mouse-ly-6g-antibody-20912
https://www.biolegend.com/en-us/products/totalseq-a0015-anti-mouse-ly-6g-16212
https://www.biolegend.com/en-us/products/totalseq-b0015-anti-mouse-ly-6g-antibody-18683
https://www.biolegend.com/en-us/products/totalseq-c0015-anti-mouse-ly-6g-antibody-18407
https://www.biolegend.com/en-us/products/ultra-leaf-purified-anti-mouse-ly-6g-antibody-7740
https://www.biolegend.com/en-us/products/ultra-leaf-purified-anti-mouse-ly-6g-antibody-7740
https://www.biolegend.com/en-us/products/ultra-leaf-purified-anti-mouse-ly-6g-antibody-7740
https://www.biolegend.com/en-us/products/ultra-leaf-purified-anti-mouse-ly-6g-antibody-7740
https://www.biolegend.com/en-us/products/ultra-leaf-purified-anti-mouse-ly-6g-antibody-7740
https://www.biolegend.com/en-us/products/ultra-leaf-purified-anti-mouse-ly-6g-antibody-7740
https://www.biolegend.com/en-us/products/alexa-fluor-647-anti-histone-h3-3-phospho-ser31-antibody-13452
https://www.biolegend.com/en-us/products/alexa-fluor-647-anti-histone-h3-3-phospho-ser31-antibody-13452
https://www.biolegend.com/en-us/products/purified-anti-sh2d1a-sap-antibody-13662
https://www.biolegend.com/en-us/products/purified-anti-sars-cov-s-protein-s2-antibody-20358
https://www.biolegend.com/en-us/products/purified-anti-sars-cov-s-protein-s2-antibody-20358
https://www.biolegend.com/en-us/products/alexa-fluor-647-anti-mouse-cd1d-cd1-1-ly-38-antibody-4321
https://www.biolegend.com/en-us/products/alexa-fluor-647-anti-mouse-cd1d-cd1-1-ly-38-antibody-4321
https://www.biolegend.com/en-us/products/apc-anti-mouse-cd1d-cd1-1-ly-38-antibody-14747
https://www.biolegend.com/en-us/products/apc-anti-mouse-cd1d-cd1-1-ly-38-antibody-14747
https://www.biolegend.com/en-us/products/apcfire-750-anti-mouse-cd1d-cd11-ly-38-antibody-16559
https://www.biolegend.com/en-us/products/apcfire-750-anti-mouse-cd1d-cd11-ly-38-antibody-16559
https://www.biolegend.com/en-us/products/biotin-anti-mouse-cd1d-cd1-1-ly-38-antibody-4318
https://www.biolegend.com/en-us/products/biotin-anti-mouse-cd1d-cd1-1-ly-38-antibody-4318
https://www.biolegend.com/en-us/products/brilliant-violet-421-anti-mouse-cd1d-cd1-1-ly-38-17367
https://www.biolegend.com/en-us/products/fitc-anti-mouse-cd1d-cd1-1-ly-38-antibody-4319
https://www.biolegend.com/en-us/products/fitc-anti-mouse-cd1d-cd1-1-ly-38-antibody-4319
https://www.biolegend.com/en-us/products/pacific-blue-anti-mouse-cd1d-cd1-1-ly-38-antibody-6987
https://www.biolegend.com/en-us/products/pacific-blue-anti-mouse-cd1d-cd1-1-ly-38-antibody-6987
https://www.biolegend.com/en-us/products/pe-anti-mouse-cd1d-cd1-1-ly-38-antibody-4320
https://www.biolegend.com/en-us/products/pe-anti-mouse-cd1d-cd1-1-ly-38-antibody-4320
https://www.biolegend.com/en-us/products/pe-cyanine7-anti-mouse-cd1d-cd1-1-ly-38-antibody-15097
https://www.biolegend.com/en-us/products/pe-cyanine7-anti-mouse-cd1d-cd1-1-ly-38-antibody-15097
https://www.biolegend.com/en-us/products/pedazzle-594-anti-mouse-cd1d-antibody-14746
https://www.biolegend.com/en-us/products/pedazzle-594-anti-mouse-cd1d-antibody-14746
https://www.biolegend.com/en-us/products/percp-cyanine5-5-anti-mouse-cd1d-cd1-1-ly-38-antibody-4322
https://www.biolegend.com/en-us/products/percp-cyanine5-5-anti-mouse-cd1d-cd1-1-ly-38-antibody-4322
https://www.biolegend.com/en-us/products/purified-anti-mouse-cd1d-cd1-1-ly-38-antibody-4316
https://www.biolegend.com/en-us/products/totalseq-a0851-anti-mouse-cd1d-cd11-ly-38-antibody-17517
https://www.biolegend.com/en-us/products/totalseq-b0851-anti-mouse-cd1d-cd11-ly-38-antibody-20326
https://www.biolegend.com/en-us/products/totalseq-c0851-anti-mouse-cd1d-cd1-1-ly-38-antibody-19511
https://www.biolegend.com/en-us/products/ultra-leaf-purified-anti-mouse-cd1d-cd1-1-ly-38-antibody-19143
https://www.biolegend.com/en-us/products/ultra-leaf-purified-anti-mouse-cd1d-cd1-1-ly-38-antibody-19143
https://www.biolegend.com/en-us/products/alexa-fluor-594-anti-histone-h3-c-terminus-antibody-14712
https://www.biolegend.com/en-us/products/alexa-fluor-594-anti-histone-h3-c-terminus-antibody-14712
https://www.biolegend.com/en-us/products/alexa-fluor-647-anti-histone-h3-c-terminus-antibody-17529
https://www.biolegend.com/en-us/products/alexa-fluor-647-anti-histone-h3-c-terminus-antibody-17529
https://www.biolegend.com/en-us/products/go-chip-grade-purified-anti-histone-h3-c-terminus-antibody-19108
https://www.biolegend.com/en-us/products/go-chip-grade-purified-anti-histone-h3-c-terminus-antibody-19108
https://www.biolegend.com/en-us/products/hrp-anti-histone-h3-c-terminus-antibody-17412
https://www.biolegend.com/en-us/products/purified-anti-histone-h3-c-terminus-antibody-18585
Processing file page14.json
https://www.biolegend.com/en-us/products/purified-anti-histone-h3-c-terminus-antibody-18585
https://www.biolegend.com/en-us/products/biotin-anti-mouse-cd210-il-10-r-antibody-1511
https://www.biolegend.com/en-us/products/pe-anti-mouse-cd210-il-10-r-antibody-1513
https://www.biolegend.com/en-us/products/pe-anti-mouse-cd210-il-10-r-antibody-1513
https://www.biolegend.com/en-us/products/purified-anti-mouse-cd210-il-10-r-antibody-1514
https://www.biolegend.com/en-us/products/totalseq-b1032-anti-mouse-cd210-il-10-r-antibody-19581
https://www.biolegend.com/en-us/products/totalseq-c1032-anti-mouse-cd210-il-10-r-antibody-20040
https://www.biolegend.com/en-us/products/ultra-leaf-purified-anti-mouse-cd210-il-10-r-antibody-7737
https://www.biolegend.com/en-us/products/ultra-leaf-purified-anti-mouse-cd210-il-10-r-antibody-7737
https://www.biolegend.com/en-us/products/ultra-leaf-purified-anti-mouse-cd210-il-10-r-antibody-7737
https://www.biolegend.com/en-us/products/ultra-leaf-purified-anti-mouse-cd210-il-10-r-antibody-7737
https://www.biolegend.com/en-us/products/ultra-leaf-purified-anti-mouse-cd210-il-10-r-antibody-7737
https://www.biolegend.com/en-us/products/ultra-leaf-purified-anti-mouse-cd210-il-10-r-antibody-7737
https://www.biolegend.com/en-us/products/alexa-fluor-488-anti-mouse-cd43-activation-associated-glycoform-antibody-3176
https://www.biolegend.com/en-us/products/alexa-fluor-647-anti-mouse-cd43-activation-associated-glycoform-antibody-3517
https://www.biolegend.com/en-us/products/apc-anti-mouse-cd43-activation-associated-glycoform-antibody-3518
https://www.biolegend.com/en-us/products/apc-anti-mouse-cd43-activation-associated-glycoform-antibody-3518
https://www.biolegend.com/en-us/products/apc-cyanine7-anti-mouse-cd43-activation-associated-glycoform-antibody-3532
https://www.biolegend.com/en-us/products/apc-cyanine7-anti-mouse-cd43-activation-associated-glycoform-antibody-3532
https://www.biolegend.com/en-us/products/biotin-anti-mouse-cd43-activation-associated-glycoform-antibody-3173
https://www.biolegend.com/en-us/products/fitc-anti-mouse-cd43-activation-associated-glycoform-antibody-3174
https://www.biolegend.com/en-us/products/pe-anti-mouse-cd43-activation-associated-glycoform-antibody-3175
https://www.biolegend.com/en-us/products/pe-anti-mouse-cd43-activation-associated-glycoform-antibody-3175
https://www.biolegend.com/en-us/products/pe-cyanine5-anti-mouse-cd43-activation-associated-glycoform-antibody-3519
https://www.biolegend.com/en-us/products/pe-cyanine7-anti-mouse-cd43-activation-associated-glycoform-antibody-3520
https://www.biolegend.com/en-us/products/pe-cyanine7-anti-mouse-cd43-activation-associated-glycoform-antibody-3520
https://www.biolegend.com/en-us/products/pe-dazzle-594-anti-mouse-cd43-activation-associated-glycoform-antibody-14588
https://www.biolegend.com/en-us/products/pe-dazzle-594-anti-mouse-cd43-activation-associated-glycoform-antibody-14588
https://www.biolegend.com/en-us/products/percp-anti-mouse-cd43-activation-associated-glycoform-antibody-4296
https://www.biolegend.com/en-us/products/percp-cyanine5-5-anti-mouse-cd43-activation-associated-glycoform-antibody-4297
https://www.biolegend.com/en-us/products/percp-cyanine5-5-anti-mouse-cd43-activation-associated-glycoform-antibody-4297
https://www.biolegend.com/en-us/products/purified-anti-mouse-cd43-activation-associated-glycoform-antibody-3172
https://www.biolegend.com/en-us/products/purified-anti-hamartin-tsc1-antibody-14346
https://www.biolegend.com/en-us/products/fitc-anti-mouse-tcr-vbeta8-3-antibody-17385
https://www.biolegend.com/en-us/products/fitc-anti-mouse-tcr-vbeta8-3-antibody-17385
https://www.biolegend.com/en-us/products/pe-anti-mouse-tcr-vbeta83-antibody-17384
https://www.biolegend.com/en-us/products/pe-anti-mouse-tcr-vbeta83-antibody-17384
https://www.biolegend.com/en-us/products/purified-anti-mouse-tcr-v-beta-8-3-antibody-16368
https://www.biolegend.com/en-us/products/totalseq-a1139-anti-mouse-tcr-vbeta8-3-antibody-20704
https://www.biolegend.com/en-us/products/apc-anti-human-tslpr-tslp-r-antibody-3981
https://www.biolegend.com/en-us/products/apc-anti-human-tslpr-tslp-r-antibody-3981
https://www.biolegend.com/en-us/products/apc-fire-750-anti-human-tslpr-tslp-r-antibody-19459
https://www.biolegend.com/en-us/products/apc-fire-750-anti-human-tslpr-tslp-r-antibody-19459
https://www.biolegend.com/en-us/products/biotin-anti-human-tslpr-tslp-r-antibody-3691
https://www.biolegend.com/en-us/products/pe-anti-human-tslpr-tslp-r-antibody-3692
https://www.biolegend.com/en-us/products/pe-anti-human-tslpr-tslp-r-antibody-3692
https://www.biolegend.com/en-us/products/pe-cyanine7-anti-human-tslpr-tslp-r-antibody-10408
https://www.biolegend.com/en-us/products/percp-cyanine5-5-anti-human-tslpr-tslp-r-antibody-10409
https://www.biolegend.com/en-us/products/purified-anti-human-tslpr-tslp-r-antibody-3690
https://www.biolegend.com/en-us/products/alexa-fluor-488-anti-human-cd18-antibody-14844
https://www.biolegend.com/en-us/products/alexa-fluor-488-anti-human-cd18-antibody-14844
https://www.biolegend.com/en-us/products/apc-anti-human-cd18-anibody-14839
https://www.biolegend.com/en-us/products/apc-anti-human-cd18-anibody-14839
https://www.biolegend.com/en-us/products/pe-anti-human-cd18-anibody-14842
https://www.biolegend.com/en-us/products/pe-anti-human-cd18-anibody-14842
https://www.biolegend.com/en-us/products/pe-cyanine7-anti-human-cd18-antibody-14843
https://www.biolegend.com/en-us/products/pe-cyanine7-anti-human-cd18-antibody-14843
https://www.biolegend.com/en-us/products/purified-anti-human-cd18-antibody-14211
https://www.biolegend.com/en-us/products/apc-anti-human-erbb3-her-3-antibody-6306
https://www.biolegend.com/en-us/products/apc-anti-human-erbb3-her-3-antibody-6306
https://www.biolegend.com/en-us/products/biotin-anti-human-erbb3-her-3-antibody-3744
https://www.biolegend.com/en-us/products/pe-anti-human-erbb3-her-3-antibody-3745
https://www.biolegend.com/en-us/products/pe-anti-human-erbb3-her-3-antibody-3745
https://www.biolegend.com/en-us/products/pe-cyanine7-anti-human-erbb3-her-3-antibody-15902
https://www.biolegend.com/en-us/products/pe-cyanine7-anti-human-erbb3-her-3-antibody-15902
https://www.biolegend.com/en-us/products/purified-anti-human-erbb3-her-3-antibody-3743
https://www.biolegend.com/en-us/products/purified-anti-p62-sqstm1-antibody-11503
https://www.biolegend.com/en-us/products/purified-anti-p62-sqstm1-antibody-11503
https://www.biolegend.com/en-us/products/pe-anti-human-cd131-antibody-545
https://www.biolegend.com/en-us/products/purified-anti-human-cd131-antibody-546
https://www.biolegend.com/en-us/products/totalseq-a0931-anti-human-cd131-antibody-19007
https://www.biolegend.com/en-us/products/purified-anti-mouse-cd40-antibody-61
https://www.biolegend.com/en-us/products/ultra-leaf-purified-anti-mouse-cd40-antibody-8082
https://www.biolegend.com/en-us/products/ultra-leaf-purified-anti-mouse-cd40-antibody-8082
https://www.biolegend.com/en-us/products/apc-anti-mouse-rat-cd42d-antibody-10736
https://www.biolegend.com/en-us/products/apc-anti-mouse-rat-cd42d-antibody-10736
https://www.biolegend.com/en-us/products/pe-anti-mouse-rat-cd42d-antibody-10356
https://www.biolegend.com/en-us/products/pe-anti-mouse-rat-cd42d-antibody-10356
https://www.biolegend.com/en-us/products/percp-cyanine5-5-anti-mouse-rat-cd42d-antibody-10737
https://www.biolegend.com/en-us/products/percp-cyanine5-5-anti-mouse-rat-cd42d-antibody-10737
https://www.biolegend.com/en-us/products/purified-anti-mouse-rat-cd42d-antibody-10199
https://www.biolegend.com/en-us/products/alexa-fluor-647-anti-human-cd314-nkg2d-antibody-12730
https://www.biolegend.com/en-us/products/alexa-fluor-647-anti-human-cd314-nkg2d-antibody-12730
https://www.biolegend.com/en-us/products/alexa-fluor-660-anti-human-cd314-nkg2d-antibody-20672
https://www.biolegend.com/en-us/products/alexa-fluor-660-anti-human-cd314-nkg2d-antibody-20672
https://www.biolegend.com/en-us/products/apc-anti-human-cd314-nkg2d-antibody-3017
https://www.biolegend.com/en-us/products/apc-anti-human-cd314-nkg2d-antibody-3017
https://www.biolegend.com/en-us/products/apc-cyanine7-anti-human-cd314-nkg2d-antibody-12693
https://www.biolegend.com/en-us/products/apc-cyanine7-anti-human-cd314-nkg2d-antibody-12693
https://www.biolegend.com/en-us/products/apc-fire-750-anti-human-cd314-nkg2d-antibody-15745
https://www.biolegend.com/en-us/products/apc-fire-750-anti-human-cd314-nkg2d-antibody-15745
https://www.biolegend.com/en-us/products/biotin-anti-human-cd314-nkg2d-antibody-3015
https://www.biolegend.com/en-us/products/brilliant-violet-421-anti-human-cd314-nkg2d-antibody-12395
https://www.biolegend.com/en-us/products/brilliant-violet-421-anti-human-cd314-nkg2d-antibody-12395
https://www.biolegend.com/en-us/products/brilliant-violet-510-anti-human-cd314-nkg2d-antibody-9020
https://www.biolegend.com/en-us/products/brilliant-violet-510-anti-human-cd314-nkg2d-antibody-9020
https://www.biolegend.com/en-us/products/brilliant-violet-605-anti-human-cd314-nkg2d-antibody-15709
https://www.biolegend.com/en-us/products/brilliant-violet-605-anti-human-cd314-nkg2d-antibody-15709
https://www.biolegend.com/en-us/products/brilliant-violet-785-anti-human-cd314-nkg2d-antibody-15537
https://www.biolegend.com/en-us/products/brilliant-violet-785-anti-human-cd314-nkg2d-antibody-15537
Processing file page15.json
https://www.biolegend.com/en-us/products/fitc-anti-human-cd314-nkg2d-antibody-9111
https://www.biolegend.com/en-us/products/fitc-anti-human-cd314-nkg2d-antibody-9111
https://www.biolegend.com/en-us/products/pe-anti-human-cd314-nkg2d-antibody-3016
https://www.biolegend.com/en-us/products/pe-anti-human-cd314-nkg2d-antibody-3016
https://www.biolegend.com/en-us/products/pe-cyanine5-anti-human-cd314-nkg2d-antibody-21158
https://www.biolegend.com/en-us/products/pe-cyanine5-anti-human-cd314-nkg2d-antibody-21158
https://www.biolegend.com/en-us/products/pe-cyanine7-anti-human-cd314-nkg2d-antibody-6499
https://www.biolegend.com/en-us/products/pe-cyanine7-anti-human-cd314-nkg2d-antibody-6499
https://www.biolegend.com/en-us/products/pe-dazzle-594-anti-human-cd314-nkg2d-antibody-14449
https://www.biolegend.com/en-us/products/pe-dazzle-594-anti-human-cd314-nkg2d-antibody-14449
https://www.biolegend.com/en-us/products/percp-cyanine5-5-anti-human-cd314-nkg2d-antibody-9061
https://www.biolegend.com/en-us/products/percp-cyanine5-5-anti-human-cd314-nkg2d-antibody-9061
https://www.biolegend.com/en-us/products/purified-anti-human-cd314-nkg2d-antibody-3014
https://www.biolegend.com/en-us/products/totalseq-a0165-anti-human-cd314-nkg2d-antibody-15958
https://www.biolegend.com/en-us/products/totalseq-b0165-anti-human-cd314-nkg2d-antibody-18234
https://www.biolegend.com/en-us/products/totalseq-c0165-anti-human-cd314-nkg2d-antibody-17308
https://www.biolegend.com/en-us/products/ultra-leaf-purified-anti-human-cd314-nkg2d-antibody-8097
https://www.biolegend.com/en-us/products/ultra-leaf-purified-anti-human-cd314-nkg2d-antibody-8097
https://www.biolegend.com/en-us/products/apc-anti-human-cd365-tim-1-antibody-10391
https://www.biolegend.com/en-us/products/apc-anti-human-cd365-tim-1-antibody-10391
https://www.biolegend.com/en-us/products/pe-anti-human-cd365-tim-1-antibody-7603
https://www.biolegend.com/en-us/products/pe-anti-human-cd365-tim-1-antibody-7603
https://www.biolegend.com/en-us/products/pecyanine7-anti-human-cd365-tim-1-antibody-19545
https://www.biolegend.com/en-us/products/pecyanine7-anti-human-cd365-tim-1-antibody-19545
https://www.biolegend.com/en-us/products/percpcyanine55-anti-human-cd365-tim-1-antibody-19544
https://www.biolegend.com/en-us/products/percpcyanine55-anti-human-cd365-tim-1-antibody-19544
https://www.biolegend.com/en-us/products/purified-anti-human-cd365-tim-1-antibody-7602
https://www.biolegend.com/en-us/products/totalseq-c0869-anti-human-cd365-tim-1-antibody-20579
https://www.biolegend.com/en-us/products/pe-anti-human-tslpr-tslp-r-antibody-3695
https://www.biolegend.com/en-us/products/totalseq-a0387-anti-human-tslpr-antibody-17066
https://www.biolegend.com/en-us/products/totalseq-c0387-anti-human-tslpr-antibody-18309
https://www.biolegend.com/en-us/products/alexa-fluor-700-anti-mouse-cd19-antibody-22036
https://www.biolegend.com/en-us/products/alexa-fluor-700-anti-mouse-cd19-antibody-22036
https://www.biolegend.com/en-us/products/apc-anti-mouse-cd19-antibody-13680
https://www.biolegend.com/en-us/products/apc-anti-mouse-cd19-antibody-13680
https://www.biolegend.com/en-us/products/apc-cyanine7-anti-mouse-cd19-antibody-22018
https://www.biolegend.com/en-us/products/apc-cyanine7-anti-mouse-cd19-antibody-22018
https://www.biolegend.com/en-us/products/fitc-anti-mouse-cd19-antibody-13615
https://www.biolegend.com/en-us/products/fitc-anti-mouse-cd19-antibody-13615
https://www.biolegend.com/en-us/products/pacific-blue-anti-mouse-cd19-antibody-22396
https://www.biolegend.com/en-us/products/pacific-blue-anti-mouse-cd19-antibody-22396
https://www.biolegend.com/en-us/products/pe-anti-mouse-cd19-antibody-13641
https://www.biolegend.com/en-us/products/pe-anti-mouse-cd19-antibody-13641
https://www.biolegend.com/en-us/products/pe-cyanine7-anti-mouse-cd19-antibody-22397
https://www.biolegend.com/en-us/products/pe-cyanine7-anti-mouse-cd19-antibody-22397
https://www.biolegend.com/en-us/products/percp-cyanine5-5-anti-mouse-cd19-antibody-13640
https://www.biolegend.com/en-us/products/percp-cyanine5-5-anti-mouse-cd19-antibody-13640
https://www.biolegend.com/en-us/products/purified-anti-mouse-cd19-antibody-13546
https://www.biolegend.com/en-us/products/purified-anti-tdp43-phospho-ser409-410-antibody-11573
https://www.biolegend.com/en-us/products/pe-anti-biotin-6711
https://www.biolegend.com/en-us/products/pe-anti-biotin-6711
https://www.biolegend.com/en-us/products/purified-anti-biotin-maxpar-ready-10163
https://www.biolegend.com/en-us/products/purified-anti-biotin-6710
https://www.biolegend.com/en-us/products/totalseq-a0436-anti-biotin-antibody-17275
https://www.biolegend.com/en-us/products/totalseq-c0436-anti-biotin-antibody-19044
https://www.biolegend.com/en-us/products/ultra-leaf-purified-anti-biotin-antibody-18820
https://www.biolegend.com/en-us/products/ultra-leaf-purified-anti-biotin-antibody-18820
https://www.biolegend.com/en-us/products/purified-anti-human-cd66c-antibody-21261
https://www.biolegend.com/en-us/products/alexa-fluor-488-anti-mouse-cd107a-lamp-1-antibody-3588
https://www.biolegend.com/en-us/products/alexa-fluor-488-anti-mouse-cd107a-lamp-1-antibody-3588
https://www.biolegend.com/en-us/products/alexa-fluor-594-anti-mouse-cd107a-lamp-1-antibody-10351
https://www.biolegend.com/en-us/products/alexa-fluor-647-anti-mouse-cd107a-lamp-1-antibody-3589
https://www.biolegend.com/en-us/products/alexa-fluor-647-anti-mouse-cd107a-lamp-1-antibody-3589
https://www.biolegend.com/en-us/products/alexa-fluor-700-anti-mouse-cd107a-lamp-1-antibody-16558
https://www.biolegend.com/en-us/products/alexa-fluor-700-anti-mouse-cd107a-lamp-1-antibody-16558
https://www.biolegend.com/en-us/products/apc-anti-mouse-cd107a-lamp-1-antibody-6081
https://www.biolegend.com/en-us/products/apc-anti-mouse-cd107a-lamp-1-antibody-6081
https://www.biolegend.com/en-us/products/apc-cyanine7-anti-mouse-cd107a-lamp-1-antibody-6753
https://www.biolegend.com/en-us/products/apc-cyanine7-anti-mouse-cd107a-lamp-1-antibody-6753
https://www.biolegend.com/en-us/products/apcfire-750-anti-mouse-cd107a-lamp-1-antibody-17389
https://www.biolegend.com/en-us/products/apcfire-750-anti-mouse-cd107a-lamp-1-antibody-17389
https://www.biolegend.com/en-us/products/biotin-anti-mouse-cd107a-lamp-1-antibody-3586
https://www.biolegend.com/en-us/products/biotin-anti-mouse-cd107a-lamp-1-antibody-3586
https://www.biolegend.com/en-us/products/brilliant-violet-421-anti-mouse-cd107a-lamp-1-antibody-7402
https://www.biolegend.com/en-us/products/brilliant-violet-421-anti-mouse-cd107a-lamp-1-antibody-7402
https://www.biolegend.com/en-us/products/brilliant-violet-510-anti-mouse-cd107a-lamp-1-antibody-16560
https://www.biolegend.com/en-us/products/brilliant-violet-711-anti-mouse-cd107a-lamp-1-antibody-16615
https://www.biolegend.com/en-us/products/fitc-anti-mouse-cd107a-lamp-1-antibody-3587
https://www.biolegend.com/en-us/products/fitc-anti-mouse-cd107a-lamp-1-antibody-3587
https://www.biolegend.com/en-us/products/pe-anti-mouse-cd107a-lamp-1-antibody-4605
https://www.biolegend.com/en-us/products/pe-anti-mouse-cd107a-lamp-1-antibody-4605
https://www.biolegend.com/en-us/products/pe-cyanine7-anti-mouse-cd107a-lamp-1-antibody-8564
https://www.biolegend.com/en-us/products/pe-cyanine7-anti-mouse-cd107a-lamp-1-antibody-8564
https://www.biolegend.com/en-us/products/pe-dazzle-594-anti-mouse-cd107a-lamp-1-antibody-13156
https://www.biolegend.com/en-us/products/pe-dazzle-594-anti-mouse-cd107a-lamp-1-antibody-13156
https://www.biolegend.com/en-us/products/percp-cyanine5-5-anti-mouse-cd107a-lamp-1-antibody-13079
https://www.biolegend.com/en-us/products/percp-cyanine5-5-anti-mouse-cd107a-lamp-1-antibody-13079
https://www.biolegend.com/en-us/products/purified-anti-mouse-cd107a-lamp-1-antibody-3585
https://www.biolegend.com/en-us/products/purified-anti-mouse-cd107a-lamp-1-antibody-3585
https://www.biolegend.com/en-us/products/totalseq-a0905-anti-mouse-cd107a-lamp-1-antibody-17844
https://www.biolegend.com/en-us/products/totalseq-b0905-anti-mouse-cd107a-lamp-1-antibody-18852
https://www.biolegend.com/en-us/products/totalseq-c0905-anti-mouse-cd107a-lamp-1-antibody-18410
https://www.biolegend.com/en-us/products/apc-anti-human-cd257-baff-blys-antibody-11929
https://www.biolegend.com/en-us/products/apc-anti-human-cd257-baff-blys-antibody-11929
https://www.biolegend.com/en-us/products/apc-cyanine7-anti-human-cd257-antibody-18397
https://www.biolegend.com/en-us/products/apc-cyanine7-anti-human-cd257-antibody-18397
https://www.biolegend.com/en-us/products/biotin-anti-human-cd257-baff-blys-antibody-11773
https://www.biolegend.com/en-us/products/pe-anti-human-cd257-baff-blys-antibody-11882
https://www.biolegend.com/en-us/products/pe-anti-human-cd257-baff-blys-antibody-11882
https://www.biolegend.com/en-us/products/purified-anti-human-cd257-baff-blys-antibody-11658
Processing file page16.json
https://www.biolegend.com/en-us/products/totalseq-c0863-anti-human-cd257-baff-blys-antibody-19038
https://www.biolegend.com/en-us/products/purified-anti-impdh1-antibody-19065
https://www.biolegend.com/en-us/products/purified-anti-impdh1-antibody-19065
https://www.biolegend.com/en-us/products/purified-anti-pp2ac-leu309-antibody-11521
https://www.biolegend.com/en-us/products/purified-anti-eme-coli-em-crp-antibody-11694
https://www.biolegend.com/en-us/products/apc-anti-human-c5l2-antibody-10389
https://www.biolegend.com/en-us/products/apc-anti-human-c5l2-antibody-10389
https://www.biolegend.com/en-us/products/pe-anti-human-c5l2-antibody-5923
https://www.biolegend.com/en-us/products/pe-anti-human-c5l2-antibody-5923
https://www.biolegend.com/en-us/products/purified-anti-human-c5l2-antibody-5922
https://www.biolegend.com/en-us/products/totalseq-c0572-anti-human-c5l2-antibody-20842
https://www.biolegend.com/en-us/products/purified-anti-beta-amyloid-1-8-antibody-11234
https://www.biolegend.com/en-us/products/purified-anti-beta-amyloid-1-8-antibody-11234
https://www.biolegend.com/en-us/products/purified-anti-brap-antibody-19087
https://www.biolegend.com/en-us/products/purified-anti-brap-antibody-19087
https://www.biolegend.com/en-us/products/fitc-anti-human-mouse-zap-70-antibody-4881
https://www.biolegend.com/en-us/products/pe-anti-human-mouse-zap-70-antibody-2376
https://www.biolegend.com/en-us/products/pe-anti-human-mouse-zap-70-antibody-2376
https://www.biolegend.com/en-us/products/purified-anti-human-mouse-zap-70-antibody-2375
https://www.biolegend.com/en-us/products/purified-anti-cytokeratin-8-antibody-13078
https://www.biolegend.com/en-us/products/purified-anti-mouse-vegf-a-antibody-4608
https://www.biolegend.com/en-us/products/purified-anti-mouse-vegf-a-antibody-4608
https://www.biolegend.com/en-us/products/apc-anti-mouse-p2x7r-antibody-14175
https://www.biolegend.com/en-us/products/apc-anti-mouse-p2x7r-antibody-14175
