2023-02-24 12:32:50 AM Save Links to database Started
Number of files to process: 290
Processing file page1.json
https://www.biolegend.com/en-us/products/biotin-anti-beta-amyloid-x-42-antibody-11183
https://www.biolegend.com/en-us/products/purified-anti-beta-amyloid-x-42-antibody-11239
https://www.biolegend.com/en-us/products/apc-fire-trade-750-anti-human-ig-light-chain-λ-antibody-22214
https://www.biolegend.com/en-us/products/apc-fire-trade-750-anti-human-ig-light-chain-λ-antibody-22214
https://www.biolegend.com/en-us/products/pe-anti-human-ig-light-chain-antibody-22097
https://www.biolegend.com/en-us/products/pe-anti-human-ig-light-chain-antibody-22097
https://www.biolegend.com/en-us/products/purified-anti-human-ig-light-chain-lambda-antibody-15067
https://www.biolegend.com/en-us/products/alexa-fluor-647-anti-human-tcl1-antibody-5407
https://www.biolegend.com/en-us/products/pe-anti-human-tcl1-antibody-5406
https://www.biolegend.com/en-us/products/fitc-anti-mouse-i-ak-abetak-antibody-2
https://www.biolegend.com/en-us/products/pe-anti-mouse-i-ak-abetak-antibody-3
https://www.biolegend.com/en-us/products/purified-anti-mouse-i-ak-abetak-antibody-4
https://www.biolegend.com/en-us/products/alexa-fluor-488-anti-human-cd64-antibody-3349
https://www.biolegend.com/en-us/products/alexa-fluor-647-anti-human-cd64-antibody-3350
https://www.biolegend.com/en-us/products/alexa-fluor-700-anti-human-cd64-antibody-17129
https://www.biolegend.com/en-us/products/alexa-fluor-700-anti-human-cd64-antibody-17129
https://www.biolegend.com/en-us/products/apc-anti-human-cd64-antibody-5789
https://www.biolegend.com/en-us/products/apc-anti-human-cd64-antibody-5789
https://www.biolegend.com/en-us/products/apc-cyanine7-anti-human-cd64-antibody-8196
https://www.biolegend.com/en-us/products/apc-cyanine7-anti-human-cd64-antibody-8196
https://www.biolegend.com/en-us/products/apc-fire-750-anti-human-cd64-antibody-14087
https://www.biolegend.com/en-us/products/apc-fire-750-anti-human-cd64-antibody-14087
https://www.biolegend.com/en-us/products/biotin-anti-human-cd64-antibody-535
https://www.biolegend.com/en-us/products/brilliant-violet-421-anti-human-cd64-antibody-8164
https://www.biolegend.com/en-us/products/brilliant-violet-421-anti-human-cd64-antibody-8164
https://www.biolegend.com/en-us/products/brilliant-violet-510-anti-human-cd64-antibody-8884
https://www.biolegend.com/en-us/products/brilliant-violet-510-anti-human-cd64-antibody-8884
https://www.biolegend.com/en-us/products/brilliant-violet-605-anti-human-cd64-antibody-12266
https://www.biolegend.com/en-us/products/brilliant-violet-605-anti-human-cd64-antibody-12266
https://www.biolegend.com/en-us/products/brilliant-violet-711-anti-human-cd64-antibody-17112
https://www.biolegend.com/en-us/products/brilliant-violet-711-anti-human-cd64-antibody-17112
https://www.biolegend.com/en-us/products/brilliant-violet-785-anti-human-cd64-antibody-17135
https://www.biolegend.com/en-us/products/brilliant-violet-785-anti-human-cd64-antibody-17135
https://www.biolegend.com/en-us/products/fitc-anti-human-cd64-15737
https://www.biolegend.com/en-us/products/fitc-anti-human-cd64-antibody-536
https://www.biolegend.com/en-us/products/fitc-anti-human-cd64-antibody-536
https://www.biolegend.com/en-us/products/gmp-fitc-anti-human-cd64-antibody-21315
https://www.biolegend.com/en-us/products/gmp-pe-anti-human-cd64-antibody-21314
https://www.biolegend.com/en-us/products/pacific-blue-anti-human-cd64-antibody-6086
https://www.biolegend.com/en-us/products/pacific-blue-anti-human-cd64-antibody-6086
https://www.biolegend.com/en-us/products/pe-anti-human-cd64-antibody-14019
https://www.biolegend.com/en-us/products/pe-anti-human-cd64-antibody-537
https://www.biolegend.com/en-us/products/pe-anti-human-cd64-antibody-537
https://www.biolegend.com/en-us/products/pe-cyanine7-anti-human-cd64-antibody-8194
https://www.biolegend.com/en-us/products/pe-cyanine7-anti-human-cd64-antibody-8194
https://www.biolegend.com/en-us/products/pedazzle594-anti-human-cd64-antibody-14585
https://www.biolegend.com/en-us/products/pe-dazzle-594-anti-human-cd64-antibody-10295
https://www.biolegend.com/en-us/products/pe-dazzle-594-anti-human-cd64-antibody-10295
https://www.biolegend.com/en-us/products/percp-cyanine5-5-anti-human-cd64-antibody-8195
https://www.biolegend.com/en-us/products/percp-cyanine5-5-anti-human-cd64-antibody-8195
https://www.biolegend.com/en-us/products/purified-anti-human-cd64-maxpar-ready-antibody-10129
https://www.biolegend.com/en-us/products/purified-anti-human-cd64-antibody-538
https://www.biolegend.com/en-us/products/totalseq-a0162-anti-human-cd64-antibody-16355
https://www.biolegend.com/en-us/products/totalseq-b0162-anti-human-cd64-antibody-18415
https://www.biolegend.com/en-us/products/totalseq-c0162-anti-human-cd64-antibody-17429
https://www.biolegend.com/en-us/products/totalseq-d0162-anti-human-cd64-antibody-20854
https://www.biolegend.com/en-us/products/ultra-leaf-purified-anti-human-cd64-antibody-17729
https://www.biolegend.com/en-us/products/ultra-leaf-purified-anti-human-cd64-antibody-17729
https://www.biolegend.com/en-us/products/apc-anti-mouse-folate-receptor-beta-fr-beta-antibody-15144
https://www.biolegend.com/en-us/products/apc-anti-mouse-folate-receptor-beta-fr-beta-antibody-15144
https://www.biolegend.com/en-us/products/pe-anti-mouse-folate-receptor-beta-fr-beta-antibody-15147
https://www.biolegend.com/en-us/products/pe-anti-mouse-folate-receptor-beta-fr-beta-antibody-15147
https://www.biolegend.com/en-us/products/purified-anti-mouse-folate-receptor-beta-fr-beta-antibody-14661
https://www.biolegend.com/en-us/products/totalseq-a0564-anti-mouse-folate-receptor-beta-fr-beta-antibody-17205
https://www.biolegend.com/en-us/products/totalseq-b0564-anti-mouse-folate-receptor-b-fr-b-20039
https://www.biolegend.com/en-us/products/alexa-fluor-488-anti-bcl-2-antibody-9359
https://www.biolegend.com/en-us/products/alexa-fluor-488-anti-bcl-2-antibody-9359
https://www.biolegend.com/en-us/products/alexa-fluor-647-anti-bcl-2-antibody-9358
https://www.biolegend.com/en-us/products/alexa-fluor-647-anti-bcl-2-antibody-9358
https://www.biolegend.com/en-us/products/brilliant-violet-421-anti-bcl-2-antibody-9592
https://www.biolegend.com/en-us/products/pe-anti-bcl-2-antibody-9591
https://www.biolegend.com/en-us/products/pe-anti-bcl-2-antibody-9591
https://www.biolegend.com/en-us/products/purified-anti-bcl-2-antibody-9147
https://www.biolegend.com/en-us/products/purified-anti-bcl-2-antibody-9147
https://www.biolegend.com/en-us/products/alexa-fluor-488-anti-mouse-cd45-2-antibody-3106
https://www.biolegend.com/en-us/products/alexa-fluor-488-anti-mouse-cd45-2-antibody-3106
https://www.biolegend.com/en-us/products/alexa-fluor-594-anti-mouse-cd45-2-antibody-13446
https://www.biolegend.com/en-us/products/alexa-fluor-647-anti-mouse-cd45-2-antibody-3107
https://www.biolegend.com/en-us/products/alexa-fluor-647-anti-mouse-cd45-2-antibody-3107
https://www.biolegend.com/en-us/products/alexa-fluor-700-anti-mouse-cd45-2-antibody-3393
https://www.biolegend.com/en-us/products/alexa-fluor-700-anti-mouse-cd45-2-antibody-3393
https://www.biolegend.com/en-us/products/apc-anti-mouse-cd45-2-antibody-2759
https://www.biolegend.com/en-us/products/apc-anti-mouse-cd45-2-antibody-2759
https://www.biolegend.com/en-us/products/apc-cyanine7-anti-mouse-cd45-2-antibody-3906
https://www.biolegend.com/en-us/products/apc-cyanine7-anti-mouse-cd45-2-antibody-3906
https://www.biolegend.com/en-us/products/apc-fire-750-anti-mouse-cd45-2-antibody-13589
https://www.biolegend.com/en-us/products/apc-fire-750-anti-mouse-cd45-2-antibody-13589
https://www.biolegend.com/en-us/products/biotin-anti-mouse-cd45-2-antibody-5
https://www.biolegend.com/en-us/products/biotin-anti-mouse-cd45-2-antibody-5
https://www.biolegend.com/en-us/products/brilliant-violet-421-anti-mouse-cd45-2-antibody-7328
https://www.biolegend.com/en-us/products/brilliant-violet-421-anti-mouse-cd45-2-antibody-7328
https://www.biolegend.com/en-us/products/brilliant-violet-510-anti-mouse-cd45-2-antibody-7998
https://www.biolegend.com/en-us/products/brilliant-violet-510-anti-mouse-cd45-2-antibody-7998
https://www.biolegend.com/en-us/products/brilliant-violet-570-anti-mouse-cd45-2-antibody-7455
https://www.biolegend.com/en-us/products/brilliant-violet-605-anti-mouse-cd45-2-antibody-9695
https://www.biolegend.com/en-us/products/brilliant-violet-650-anti-mouse-cd45-2-antibody-7849
https://www.biolegend.com/en-us/products/brilliant-violet-650-anti-mouse-cd45-2-antibody-7849
https://www.biolegend.com/en-us/products/brilliant-violet-711-anti-mouse-cd45-2-antibody-13278
https://www.biolegend.com/en-us/products/brilliant-violet-750-anti-mouse-cd45-2-antibody-18842
https://www.biolegend.com/en-us/products/brilliant-violet-785-anti-mouse-cd45-2-antibody-8924
Processing file page10.json
https://www.biolegend.com/en-us/products/fitc-anti-mouse-cd80-antibody-41
https://www.biolegend.com/en-us/products/pacific-blue-anti-mouse-cd80-antibody-6267
https://www.biolegend.com/en-us/products/pacific-blue-anti-mouse-cd80-antibody-6267
https://www.biolegend.com/en-us/products/pe-anti-mouse-cd80-antibody-43
https://www.biolegend.com/en-us/products/pe-anti-mouse-cd80-antibody-43
https://www.biolegend.com/en-us/products/pe-cyanine5-anti-mouse-cd80-antibody-2339
https://www.biolegend.com/en-us/products/pe-cyanine5-anti-mouse-cd80-antibody-2339
https://www.biolegend.com/en-us/products/pe-cyanine7-anti-mouse-cd80-antibody-9320
https://www.biolegend.com/en-us/products/pe-cyanine7-anti-mouse-cd80-antibody-9320
https://www.biolegend.com/en-us/products/pe-dazzle-594-anti-mouse-cd80-antibody-10221
https://www.biolegend.com/en-us/products/pe-dazzle-594-anti-mouse-cd80-antibody-10221
https://www.biolegend.com/en-us/products/pe-fire-640-anti-mouse-cd80-antibody-21758
https://www.biolegend.com/en-us/products/percp-cyanine5-5-anti-mouse-cd80-antibody-4275
https://www.biolegend.com/en-us/products/percp-cyanine5-5-anti-mouse-cd80-antibody-4275
https://www.biolegend.com/en-us/products/purified-anti-mouse-cd80-maxpar-ready-antibody-10092
https://www.biolegend.com/en-us/products/purified-anti-mouse-cd80-antibody-44
https://www.biolegend.com/en-us/products/spark-nir-685-anti-mouse-cd80-antibody-22243
https://www.biolegend.com/en-us/products/spark-nir-685-anti-mouse-cd80-antibody-22243
https://www.biolegend.com/en-us/products/totalseq-a0849-anti-mouse-cd80-antibody-18160
https://www.biolegend.com/en-us/products/totalseq-b0849-anti-mouse-cd80-antibody-20325
https://www.biolegend.com/en-us/products/totalseq-c0849-anti-mouse-cd80-antibody-18439
https://www.biolegend.com/en-us/products/ultra-leaf-purified-anti-mouse-cd80-antibody-18480
https://www.biolegend.com/en-us/products/ultra-leaf-purified-anti-mouse-cd80-antibody-18480
https://www.biolegend.com/en-us/products/ultra-leaf-purified-anti-mouse-cd80-antibody-18480
https://www.biolegend.com/en-us/products/ultra-leaf-purified-anti-mouse-cd80-antibody-18480
https://www.biolegend.com/en-us/products/ultra-leaf-purified-anti-mouse-cd80-antibody-18480
https://www.biolegend.com/en-us/products/ultra-leaf-purified-anti-mouse-cd80-antibody-18480
https://www.biolegend.com/en-us/products/alexa-fluor-647-anti-human-cd319-cracc-antibody-15331
https://www.biolegend.com/en-us/products/alexa-fluor-647-anti-human-cd319-cracc-antibody-15331
https://www.biolegend.com/en-us/products/apc-anti-human-cd319-cracc-antibody-10387
https://www.biolegend.com/en-us/products/apc-anti-human-cd319-cracc-antibody-10387
https://www.biolegend.com/en-us/products/fitc-anti-human-cd319-cracc-antibody-15329
https://www.biolegend.com/en-us/products/fitc-anti-human-cd319-cracc-antibody-15329
https://www.biolegend.com/en-us/products/pe-anti-human-cd319-cracc-antibody-4488
https://www.biolegend.com/en-us/products/pe-cyanine7-anti-human-cd319-cracc-antibody-10758
https://www.biolegend.com/en-us/products/pe-cyanine7-anti-human-cd319-cracc-antibody-10758
https://www.biolegend.com/en-us/products/pe-dazzle-594-anti-human-cd319-cracc-antibody-10757
https://www.biolegend.com/en-us/products/pe-dazzle-594-anti-human-cd319-cracc-antibody-10757
https://www.biolegend.com/en-us/products/percp-cyanine5-5-anti-human-cd319-cracc-antibody-4489
https://www.biolegend.com/en-us/products/percp-cyanine5-5-anti-human-cd319-cracc-antibody-4489
https://www.biolegend.com/en-us/products/purified-anti-human-cd319-cracc-antibody-4483
https://www.biolegend.com/en-us/products/totalseq-a0830-anti-human-cd319-cracc-antibody-17140
https://www.biolegend.com/en-us/products/totalseq-b0830-anti-human-cd319-cracc-antibody-20068
https://www.biolegend.com/en-us/products/totalseq-c0830-anti-human-cd319-cracc-antibody-17840
https://www.biolegend.com/en-us/products/apc-anti-human-cd227-muc-1-antibody-10810
https://www.biolegend.com/en-us/products/apc-anti-human-cd227-muc-1-antibody-10810
https://www.biolegend.com/en-us/products/pe-anti-human-cd227-muc-1-antibody-8242
https://www.biolegend.com/en-us/products/pe-anti-human-cd227-muc-1-antibody-8242
https://www.biolegend.com/en-us/products/pe-cyanine7-anti-human-cd227-muc-1-antibody-10300
https://www.biolegend.com/en-us/products/pe-cyanine7-anti-human-cd227-muc-1-antibody-10300
https://www.biolegend.com/en-us/products/purified-anti-human-cd227-muc-1-antibody-8241
https://www.biolegend.com/en-us/products/purified-anti-human-cd227-muc-1-antibody-8241
https://www.biolegend.com/en-us/products/totalseq-d1250-anti-human-cd227-muc-1-22484
https://www.biolegend.com/en-us/products/apc-anti-human-cd140a-pdgfralpha-antibody-16585
https://www.biolegend.com/en-us/products/apc-anti-human-cd140a-pdgfralpha-antibody-16585
https://www.biolegend.com/en-us/products/biotin-anti-human-cd140a-pdgfralpha-antibody-3726
https://www.biolegend.com/en-us/products/biotin-anti-human-cd140a-pdgfralpha-antibody-3726
https://www.biolegend.com/en-us/products/pe-anti-human-cd140a-pdgfralpha-antibody-3727
https://www.biolegend.com/en-us/products/pe-anti-human-cd140a-pdgfralpha-antibody-3727
https://www.biolegend.com/en-us/products/pe-cyanine7-anti-human-cd140a-pdgfralpha-antibody-11771
https://www.biolegend.com/en-us/products/pe-cyanine7-anti-human-cd140a-pdgfralpha-antibody-11771
https://www.biolegend.com/en-us/products/purified-anti-human-cd140a-pdgfralpha-antibody-3725
https://www.biolegend.com/en-us/products/totalseq-a0128-anti-human-cd140a-pdgfralpha-antibody-16488
https://www.biolegend.com/en-us/products/totalseq-b0128-anti-human-cd140a-pdgfralpha-antibody-19586
https://www.biolegend.com/en-us/products/totalseq-c0128-anti-human-cd140a-pdgfra-antibody-19365
https://www.biolegend.com/en-us/products/totalseq-d0128-anti-human-cd140a-pdgfr-antibody-22403
https://www.biolegend.com/en-us/products/apc-anti-mouse-cd159a-nkg2ab6-antibody-7610
https://www.biolegend.com/en-us/products/apc-anti-mouse-cd159a-nkg2ab6-antibody-7610
https://www.biolegend.com/en-us/products/pe-anti-mouse-cd159a-nkg2ab6-antibody-7543
https://www.biolegend.com/en-us/products/pe-anti-mouse-cd159a-nkg2ab6-antibody-7543
https://www.biolegend.com/en-us/products/pe-cyanine7-anti-mouse-cd159a-nkg2ab6-antibody-15575
https://www.biolegend.com/en-us/products/pe-cyanine7-anti-mouse-cd159a-nkg2ab6-antibody-15575
https://www.biolegend.com/en-us/products/purified-anti-mouse-cd159a-nkg2ab6-antibody-7586
https://www.biolegend.com/en-us/products/totalseq-a0927-anti-mouse-cd159a-nkg2ab6-antibody-20700
https://www.biolegend.com/en-us/products/pe-anti-mouse-trem-like-4-treml4-antibody-7595
https://www.biolegend.com/en-us/products/pe-anti-mouse-trem-like-4-treml4-antibody-7595
https://www.biolegend.com/en-us/products/purified-anti-mouse-trem-like-4-treml4-antibody-7594
https://www.biolegend.com/en-us/products/alexa-fluor-488-anti-human-cadherin-11-antibody-14620
https://www.biolegend.com/en-us/products/alexa-fluor-647-anti-human-cadherin-11-antibody-15041
https://www.biolegend.com/en-us/products/apc-anti-human-cadherin-11-antibody-12896
https://www.biolegend.com/en-us/products/apc-anti-human-cadherin-11-antibody-12896
https://www.biolegend.com/en-us/products/pe-anti-human-cadherin-11-antibody-12898
https://www.biolegend.com/en-us/products/pe-anti-human-cadherin-11-antibody-12898
https://www.biolegend.com/en-us/products/pe-cyanine7-anti-human-cadherin-11-antibody-12900
https://www.biolegend.com/en-us/products/pe-cyanine7-anti-human-cadherin-11-antibody-12900
https://www.biolegend.com/en-us/products/purified-anti-human-cadherin-11-antibody-12435
https://www.biolegend.com/en-us/products/totalseq-c0131-anti-human-cadherin-11-antibody-20784
https://www.biolegend.com/en-us/products/anti-bg-4-antibody-11016
https://www.biolegend.com/en-us/products/alexa-fluor-488-anti-atg5-antibody-16610
https://www.biolegend.com/en-us/products/alexa-fluor-488-anti-atg5-antibody-16610
https://www.biolegend.com/en-us/products/alexa-fluor-594-anti-atg5-antibody-16469
https://www.biolegend.com/en-us/products/alexa-fluor-594-anti-atg5-antibody-16469
https://www.biolegend.com/en-us/products/alexa-fluor-647-anti-atg5-antibody-18470
https://www.biolegend.com/en-us/products/alexa-fluor-647-anti-atg5-antibody-18470
https://www.biolegend.com/en-us/products/purified-anti-atg5-antibody-13537
https://www.biolegend.com/en-us/products/purified-anti-atg5-antibody-13537
https://www.biolegend.com/en-us/products/spark-yg-570-anti-atg5-antibody-21893
https://www.biolegend.com/en-us/products/spark-yg-570-anti-atg5-antibody-21893
https://www.biolegend.com/en-us/products/apc-anti-human-cd360-il-21r-antibody-9372
https://www.biolegend.com/en-us/products/apc-anti-human-cd360-il-21r-antibody-9372
Processing file page11.json
https://www.biolegend.com/en-us/products/brilliant-violet-421-anti-human-cd360-il-21r-antibody-10211
https://www.biolegend.com/en-us/products/brilliant-violet-421-anti-human-cd360-il-21r-antibody-10211
https://www.biolegend.com/en-us/products/brilliant-violet-711-anti-human-cd360-il-21r-antibody-14956
https://www.biolegend.com/en-us/products/brilliant-violet-711-anti-human-cd360-il-21r-antibody-14956
https://www.biolegend.com/en-us/products/pe-anti-human-cd360-il-21r-antibody-8752
https://www.biolegend.com/en-us/products/pe-anti-human-cd360-il-21r-antibody-8752
https://www.biolegend.com/en-us/products/pe-cyanine7-anti-human-cd360-il-21r-antibody-15059
https://www.biolegend.com/en-us/products/pe-cyanine7-anti-human-cd360-il-21r-antibody-15059
https://www.biolegend.com/en-us/products/totalseq-a0985-anti-human-cd360-il-21r-antibody-20128
https://www.biolegend.com/en-us/products/totalseq-c0985-anti-human-cd360-il-21r-antibody-20246
https://www.biolegend.com/en-us/products/totalseq-d0985-anti-human-cd360-il-21r-antibody-21294
https://www.biolegend.com/en-us/products/alexa-fluor-488-anti-mouse-cd3-antibody-2835
https://www.biolegend.com/en-us/products/alexa-fluor-488-anti-mouse-cd3-antibody-2835
https://www.biolegend.com/en-us/products/alexa-fluor-594-anti-mouse-cd3-antibody-9735
https://www.biolegend.com/en-us/products/alexa-fluor-647-anti-mouse-cd3-antibody-2693
https://www.biolegend.com/en-us/products/alexa-fluor-700-anti-mouse-cd3-antibody-3375
https://www.biolegend.com/en-us/products/alexa-fluor-700-anti-mouse-cd3-antibody-3375
https://www.biolegend.com/en-us/products/apc-anti-mouse-cd3-antibody-8055
https://www.biolegend.com/en-us/products/apc-anti-mouse-cd3-antibody-8055
https://www.biolegend.com/en-us/products/apc-cyanine7-anti-mouse-cd3-antibody-6068
https://www.biolegend.com/en-us/products/apc-cyanine7-anti-mouse-cd3-antibody-6068
https://www.biolegend.com/en-us/products/apc-fire-750-anti-mouse-cd3-antibody-13052
https://www.biolegend.com/en-us/products/apc-fire-750-anti-mouse-cd3-antibody-13052
https://www.biolegend.com/en-us/products/apcfire-810-anti-mouse-cd3-antibody-19553
https://www.biolegend.com/en-us/products/apcfire-810-anti-mouse-cd3-antibody-19553
https://www.biolegend.com/en-us/products/biotin-anti-mouse-cd3-antibody-10023
https://www.biolegend.com/en-us/products/biotin-anti-mouse-cd3-antibody-10023
https://www.biolegend.com/en-us/products/brilliant-violet-421-anti-mouse-cd3-antibody-7326
https://www.biolegend.com/en-us/products/brilliant-violet-421-anti-mouse-cd3-antibody-7326
https://www.biolegend.com/en-us/products/brilliant-violet-510-anti-mouse-cd3-antibody-7990
https://www.biolegend.com/en-us/products/brilliant-violet-510-anti-mouse-cd3-antibody-7990
https://www.biolegend.com/en-us/products/brilliant-violet-570-anti-mouse-cd3-antibody-7376
https://www.biolegend.com/en-us/products/brilliant-violet-605-anti-mouse-cd3-antibody-8503
https://www.biolegend.com/en-us/products/brilliant-violet-650-anti-mouse-cd3-antibody-7843
https://www.biolegend.com/en-us/products/brilliant-violet-711-anti-mouse-cd3-antibody-10022
https://www.biolegend.com/en-us/products/brilliant-violet-750-anti-mouse-cd3-antibody-15755
https://www.biolegend.com/en-us/products/brilliant-violet-785-anti-mouse-cd3-antibody-7953
https://www.biolegend.com/en-us/products/brilliant-violet-785-anti-mouse-cd3-antibody-7953
https://www.biolegend.com/en-us/products/fitc-anti-mouse-cd3-antibody-45
https://www.biolegend.com/en-us/products/fitc-anti-mouse-cd3-antibody-45
https://www.biolegend.com/en-us/products/pacific-blue-anti-mouse-cd3-antibody-3317
https://www.biolegend.com/en-us/products/pacific-blue-anti-mouse-cd3-antibody-3317
https://www.biolegend.com/en-us/products/pe-anti-mouse-cd3-antibody-47
https://www.biolegend.com/en-us/products/pe-anti-mouse-cd3-antibody-47
https://www.biolegend.com/en-us/products/pe-cyanine5-anti-mouse-cd3-antibody-21198
https://www.biolegend.com/en-us/products/pe-cyanine5-anti-mouse-cd3-antibody-21198
https://www.biolegend.com/en-us/products/pe-cyanine7-anti-mouse-cd3-antibody-6060
https://www.biolegend.com/en-us/products/pe-cyanine7-anti-mouse-cd3-antibody-6060
https://www.biolegend.com/en-us/products/pe-dazzle-594-anti-mouse-cd3-antibody-11946
https://www.biolegend.com/en-us/products/pe-dazzle-594-anti-mouse-cd3-antibody-11946
https://www.biolegend.com/en-us/products/pefire-640-anti-mouse-cd3-antibody-19561
https://www.biolegend.com/en-us/products/pefire-640-anti-mouse-cd3-antibody-19561
https://www.biolegend.com/en-us/products/pefire-700-anti-mouse-cd3-antibody-19732
https://www.biolegend.com/en-us/products/pefire-700-anti-mouse-cd3-antibody-19732
https://www.biolegend.com/en-us/products/pe-fire-810-anti-mouse-cd3-antibody-21530
https://www.biolegend.com/en-us/products/percp-cyanine5-5-anti-mouse-cd3-antibody-5596
https://www.biolegend.com/en-us/products/percp-cyanine5-5-anti-mouse-cd3-antibody-5596
https://www.biolegend.com/en-us/products/purified-anti-mouse-cd3-antibody-48
https://www.biolegend.com/en-us/products/purified-anti-mouse-cd3-antibody-48
https://www.biolegend.com/en-us/products/spark-blue-550-anti-mouse-cd3-antibody-18487
https://www.biolegend.com/en-us/products/spark-blue-550-anti-mouse-cd3-antibody-18487
https://www.biolegend.com/en-us/products/spark-blue-574-anti-mouse-cd3-antibody-21278
https://www.biolegend.com/en-us/products/spark-blue-574-anti-mouse-cd3-antibody-21278
https://www.biolegend.com/en-us/products/spark-nir-685-anti-mouse-cd3-antibody-18617
https://www.biolegend.com/en-us/products/spark-nir-685-anti-mouse-cd3-antibody-18617
https://www.biolegend.com/en-us/products/spark-red-trade-718-anti-mouse-cd3-antibody-22295
https://www.biolegend.com/en-us/products/spark-red-trade-718-anti-mouse-cd3-antibody-22295
https://www.biolegend.com/en-us/products/spark-violet-423-anti-mouse-cd3-antibody-21499
https://www.biolegend.com/en-us/products/spark-violet-423-anti-mouse-cd3-antibody-21499
https://www.biolegend.com/en-us/products/spark-yg-570-anti-mouse-cd3-antibody-19677
https://www.biolegend.com/en-us/products/spark-yg-570-anti-mouse-cd3-antibody-19677
https://www.biolegend.com/en-us/products/totalseq-a0182-anti-mouse-cd3-antibody-16398
https://www.biolegend.com/en-us/products/totalseq-b0182-anti-mouse-cd3-antibody-18316
https://www.biolegend.com/en-us/products/totalseq-c0182-anti-mouse-cd3-antibody-18764
https://www.biolegend.com/en-us/products/ultra-leaf-purified-anti-mouse-cd3-antibody-8078
https://www.biolegend.com/en-us/products/ultra-leaf-purified-anti-mouse-cd3-antibody-8078
https://www.biolegend.com/en-us/products/ultra-leaf-purified-anti-mouse-cd3-antibody-8078
https://www.biolegend.com/en-us/products/ultra-leaf-purified-anti-mouse-cd3-antibody-8078
https://www.biolegend.com/en-us/products/ultra-leaf-purified-anti-mouse-cd3-antibody-8078
https://www.biolegend.com/en-us/products/ultra-leaf-purified-anti-mouse-cd3-antibody-8078
https://www.biolegend.com/en-us/products/alexa-fluor-700-anti-mouse-lineage-cocktail-with-isotype-ctrl-8122
https://www.biolegend.com/en-us/products/brilliant-violet-421-anti-mouse-lineage-cocktail-7825
https://www.biolegend.com/en-us/products/pacific-blue-anti-mouse-lineage-cocktail-7765
https://www.biolegend.com/en-us/products/pacific-blue-anti-mouse-lineage-cocktail-with-isotype-ctrl-7556
https://www.biolegend.com/en-us/products/pacific-blue-anti-mouse-lineage-cocktail-with-isotype-ctrl-7556
https://www.biolegend.com/en-us/products/mouse-naive-memory-t-cell-id-panel-9757
https://www.biolegend.com/en-us/products/apc-anti-mouse-cd137-antibody-10352
https://www.biolegend.com/en-us/products/apc-anti-mouse-cd137-antibody-10352
https://www.biolegend.com/en-us/products/biotin-anti-mouse-cd137-antibody-49
https://www.biolegend.com/en-us/products/biotin-anti-mouse-cd137-antibody-49
https://www.biolegend.com/en-us/products/pe-anti-mouse-cd137-antibody-51
https://www.biolegend.com/en-us/products/pe-anti-mouse-cd137-antibody-51
https://www.biolegend.com/en-us/products/totalseq-a0194-anti-mouse-cd137-antibody-16459
https://www.biolegend.com/en-us/products/totalseq-c0194-anti-mouse-cd137-antibody-18985
https://www.biolegend.com/en-us/products/ultra-leaf-purified-anti-mouse-cd137-antibody-18893
https://www.biolegend.com/en-us/products/ultra-leaf-purified-anti-mouse-cd137-antibody-18893
https://www.biolegend.com/en-us/products/ultra-leaf-purified-anti-mouse-cd137-antibody-18893
https://www.biolegend.com/en-us/products/ultra-leaf-purified-anti-mouse-cd137-antibody-18893
https://www.biolegend.com/en-us/products/ultra-leaf-purified-anti-mouse-cd137-antibody-18893
https://www.biolegend.com/en-us/products/ultra-leaf-purified-anti-mouse-cd137-antibody-18893
Processing file page12.json
https://www.biolegend.com/en-us/products/purified-anti-eif3i-p36-antibody-6045
https://www.biolegend.com/en-us/products/purified-anti-eif3i-p36-antibody-6045
https://www.biolegend.com/en-us/products/anti-alpha-i-spectrin-antibody-10835
https://www.biolegend.com/en-us/products/hrp-anti-alpha-i-spectrin-antibody-16777
https://www.biolegend.com/en-us/products/hrp-anti-alpha-i-spectrin-antibody-16777
https://www.biolegend.com/en-us/products/purified-anti-gemin-4-antibody-18399
https://www.biolegend.com/en-us/products/purified-anti-gemin-4-antibody-18399
https://www.biolegend.com/en-us/products/apc-anti-mouse-clec-2-clec1b-antibody-20898
https://www.biolegend.com/en-us/products/apc-anti-mouse-clec-2-clec1b-antibody-20898
https://www.biolegend.com/en-us/products/pe-anti-mouse-clec-2-clec1b-antibody-8759
https://www.biolegend.com/en-us/products/pe-anti-mouse-clec-2-clec1b-antibody-8759
https://www.biolegend.com/en-us/products/purified-anti-mouse-clec-2-clec1b-antibody-8627
https://www.biolegend.com/en-us/products/alexa-fluor-647-anti-human-cd85g-ilt7-antibody-4039
https://www.biolegend.com/en-us/products/pe-anti-human-cd85g-ilt7-antibody-4038
https://www.biolegend.com/en-us/products/totalseq-b0409-anti-human-cd85g-ilt7-antibody-19996
https://www.biolegend.com/en-us/products/totalseq-c0409-anti-human-cd85g-ilt7-antibody-19839
https://www.biolegend.com/en-us/products/ultra-leaf-purified-anti-human-cd85g-ilt7-antibody-19175
https://www.biolegend.com/en-us/products/ultra-leaf-purified-anti-human-cd85g-ilt7-antibody-19175
https://www.biolegend.com/en-us/products/anti-yeast-sir3-antibody-10590
https://www.biolegend.com/en-us/products/apc-anti-human-cd140b-pdgfrbeta-antibody-4054
https://www.biolegend.com/en-us/products/biotin-anti-human-cd140b-pdgfrbeta-antibody-3729
https://www.biolegend.com/en-us/products/pe-anti-human-cd140b-pdgfrbeta-antibody-3730
https://www.biolegend.com/en-us/products/pe-anti-human-cd140b-pdgfrbeta-antibody-3730
https://www.biolegend.com/en-us/products/purified-anti-human-cd140b-pdgfrbeta-antibody-3728
https://www.biolegend.com/en-us/products/totalseq-a0129-anti-human-cd140b-pdgfr-beta-antibody-16940
https://www.biolegend.com/en-us/products/totalseq-c0129-anti-human-cd140b-pdgfrbeta-antibody-19382
https://www.biolegend.com/en-us/products/apc-anti-mouse-cd94-antibody-15345
https://www.biolegend.com/en-us/products/apc-anti-mouse-cd94-antibody-15345
https://www.biolegend.com/en-us/products/fitc-anti-mouse-cd94-antibody-54
https://www.biolegend.com/en-us/products/pe-anti-mouse-cd94-antibody-55
https://www.biolegend.com/en-us/products/pe-anti-mouse-cd94-antibody-55
https://www.biolegend.com/en-us/products/pe-cyanine7-anti-mouse-cd94-antibody-13778
https://www.biolegend.com/en-us/products/pe-cyanine7-anti-mouse-cd94-antibody-13778
https://www.biolegend.com/en-us/products/percp-cyanine5-5-anti-mouse-cd94-antibody-17695
https://www.biolegend.com/en-us/products/percp-cyanine5-5-anti-mouse-cd94-antibody-17695
https://www.biolegend.com/en-us/products/totalseq-a1009-anti-mouse-cd94-antibody-18686
https://www.biolegend.com/en-us/products/totalseq-c1009-anti-mouse-cd94-antibody-19878
https://www.biolegend.com/en-us/products/purified-anti-tpx2-antibody-2938
https://www.biolegend.com/en-us/products/purified-anti-c2h2-zinc-finger-protein-phospho-linker-region-hptgekp-antibody-13149
https://www.biolegend.com/en-us/products/biotin-anti-tfam-antibody-17222
https://www.biolegend.com/en-us/products/biotin-anti-tfam-antibody-17222
https://www.biolegend.com/en-us/products/hrp-anti-tfam-antibody-15838
https://www.biolegend.com/en-us/products/hrp-anti-tfam-antibody-15838
https://www.biolegend.com/en-us/products/purified-anti-tfam-antibody-14881
https://www.biolegend.com/en-us/products/purified-anti-tfam-antibody-14881
https://www.biolegend.com/en-us/products/biotin-anti-human-mouse-tgf-beta1-antibody-9314
https://www.biolegend.com/en-us/products/ultra-leaf-purified-anti-human-mouse-tgf-b1-antibody-17605
https://www.biolegend.com/en-us/products/ultra-leaf-purified-anti-human-mouse-tgf-b1-antibody-17605
https://www.biolegend.com/en-us/products/alexa-fluor-647-anti-human-cd269-bcma-antibody-14536
https://www.biolegend.com/en-us/products/alexa-fluor-647-anti-human-cd269-bcma-antibody-14536
https://www.biolegend.com/en-us/products/apc-anti-human-cd269-bcma-antibody-9115
https://www.biolegend.com/en-us/products/apc-anti-human-cd269-bcma-antibody-9115
https://www.biolegend.com/en-us/products/apc-fire-750-anti-human-cd269-bcma-antibody-14353
https://www.biolegend.com/en-us/products/apc-fire-750-anti-human-cd269-bcma-antibody-14353
https://www.biolegend.com/en-us/products/biotin-anti-human-cd269-bcma-antibody-13444
https://www.biolegend.com/en-us/products/brilliant-violet-421-anti-human-cd269-bcma-antibody-14662
https://www.biolegend.com/en-us/products/brilliant-violet-421-anti-human-cd269-bcma-antibody-14662
https://www.biolegend.com/en-us/products/kiravia-blue-520-anti-human-cd269-bcma-antibody-20518
https://www.biolegend.com/en-us/products/kiravia-blue-520-anti-human-cd269-bcma-antibody-20518
https://www.biolegend.com/en-us/products/pe-anti-human-cd269-bcma-antibody-8446
https://www.biolegend.com/en-us/products/pe-anti-human-cd269-bcma-antibody-8446
https://www.biolegend.com/en-us/products/pe-cyanine5-anti-human-cd269-bcma-antibody-21026
https://www.biolegend.com/en-us/products/pe-cyanine5-anti-human-cd269-bcma-antibody-21026
https://www.biolegend.com/en-us/products/pe-cyanine7-anti-human-cd269-bcma-antibody-12490
https://www.biolegend.com/en-us/products/pe-cyanine7-anti-human-cd269-bcma-antibody-12490
https://www.biolegend.com/en-us/products/pe-dazzle-594-anti-human-cd269-bcma-antibody-12492
https://www.biolegend.com/en-us/products/pe-dazzle-594-anti-human-cd269-bcma-antibody-12492
https://www.biolegend.com/en-us/products/pe-fire-810-anti-human-cd269-bcma-antibody-22163
https://www.biolegend.com/en-us/products/percp-cyanine5-5-anti-human-cd269-bcma-antibody-12491
https://www.biolegend.com/en-us/products/percp-cyanine5-5-anti-human-cd269-bcma-antibody-12491
https://www.biolegend.com/en-us/products/purified-anti-human-cd269-bcma-antibody-8445
https://www.biolegend.com/en-us/products/totalseq-a0056-anti-human-cd269-bcma-antibody-16186
https://www.biolegend.com/en-us/products/totalseq-b0056-anti-human-cd269-bcma-antibody-18861
https://www.biolegend.com/en-us/products/totalseq-c0056-anti-human-cd269-bcma-antibody-17724
https://www.biolegend.com/en-us/products/apc-anti-human-cd267-taci-antibody-12115
https://www.biolegend.com/en-us/products/apc-anti-human-cd267-taci-antibody-12115
https://www.biolegend.com/en-us/products/biotin-anti-human-cd267-taci-antibody-3491
https://www.biolegend.com/en-us/products/pe-anti-human-cd267-taci-antibody-3492
https://www.biolegend.com/en-us/products/pe-cyanine7-anti-human-cd267-taci-antibody-10752
https://www.biolegend.com/en-us/products/pe-cyanine7-anti-human-cd267-taci-antibody-10752
https://www.biolegend.com/en-us/products/pe-dazzle-594-anti-human-cd267-taci-antibody-10753
https://www.biolegend.com/en-us/products/pe-dazzle-594-anti-human-cd267-taci-antibody-10753
https://www.biolegend.com/en-us/products/purified-anti-human-cd267-taci-antibody-1702
https://www.biolegend.com/en-us/products/totalseq-a0247-anti-human-cd267-taci-antibody-16943
https://www.biolegend.com/en-us/products/totalseq-b0247-anti-human-cd267-taci-antibody-20641
https://www.biolegend.com/en-us/products/totalseq-c0247-anti-human-cd267-taci-antibody-19011
https://www.biolegend.com/en-us/products/biotin-anti-rat-cd54-antibody-2410
https://www.biolegend.com/en-us/products/pe-anti-rat-cd54-antibody-6553
https://www.biolegend.com/en-us/products/apc-anti-human-cd170-siglec-5-antibody-10329
https://www.biolegend.com/en-us/products/apc-anti-human-cd170-siglec-5-antibody-10329
https://www.biolegend.com/en-us/products/pe-anti-human-cd170-siglec-5-antibody-7269
https://www.biolegend.com/en-us/products/pe-anti-human-cd170-siglec-5-antibody-7269
https://www.biolegend.com/en-us/products/purified-anti-human-cd170-siglec-5-antibody-7268
https://www.biolegend.com/en-us/products/purified-anti-sphk1-antibody-9098
https://www.biolegend.com/en-us/products/purified-anti-ckmt1-antibody-17946
https://www.biolegend.com/en-us/products/purified-anti-ckmt1-antibody-17946
https://www.biolegend.com/en-us/products/alexa-fluor-488-anti-mouse-ly-6g-antibody-7085
https://www.biolegend.com/en-us/products/alexa-fluor-488-anti-mouse-ly-6g-antibody-7085
https://www.biolegend.com/en-us/products/alexa-fluor-594-anti-mouse-ly-6g-antibody-9634
https://www.biolegend.com/en-us/products/alexa-fluor-647-anti-mouse-ly-6g-antibody-4780
Processing file page13.json
https://www.biolegend.com/en-us/products/alexa-fluor-647-anti-mouse-ly-6g-antibody-4780
https://www.biolegend.com/en-us/products/alexa-fluor-700-anti-mouse-ly-6g-antibody-6754
https://www.biolegend.com/en-us/products/alexa-fluor-700-anti-mouse-ly-6g-antibody-6754
https://www.biolegend.com/en-us/products/apc-anti-mouse-ly-6g-antibody-6115
https://www.biolegend.com/en-us/products/apc-anti-mouse-ly-6g-antibody-6115
https://www.biolegend.com/en-us/products/apc-cyanine7-anti-mouse-ly-6g-antibody-6755
https://www.biolegend.com/en-us/products/apc-cyanine7-anti-mouse-ly-6g-antibody-6755
https://www.biolegend.com/en-us/products/apc-fire-750-anti-mouse-ly-6g-antibody-13198
https://www.biolegend.com/en-us/products/apc-fire-750-anti-mouse-ly-6g-antibody-13198
https://www.biolegend.com/en-us/products/apc-fire-810-anti-mouse-ly-6g-antibody-21380
https://www.biolegend.com/en-us/products/apc-fire-810-anti-mouse-ly-6g-antibody-21380
https://www.biolegend.com/en-us/products/biotin-anti-mouse-ly-6g-antibody-4772
https://www.biolegend.com/en-us/products/biotin-anti-mouse-ly-6g-antibody-4772
https://www.biolegend.com/en-us/products/brilliant-violet-421-anti-mouse-ly-6g-antibody-7161
https://www.biolegend.com/en-us/products/brilliant-violet-421-anti-mouse-ly-6g-antibody-7161
https://www.biolegend.com/en-us/products/brilliant-violet-510-anti-mouse-ly-6g-antibody-9121
https://www.biolegend.com/en-us/products/brilliant-violet-570-anti-mouse-ly-6g-antibody-7393
https://www.biolegend.com/en-us/products/brilliant-violet-605-anti-mouse-ly-6g-antibody-12244
https://www.biolegend.com/en-us/products/brilliant-violet-650-anti-mouse-ly-6g-antibody-11981
https://www.biolegend.com/en-us/products/brilliant-violet-711-anti-mouse-ly-6g-antibody-12062
https://www.biolegend.com/en-us/products/brilliant-violet-785-anti-mouse-ly-6g-antibody-12245
https://www.biolegend.com/en-us/products/fitc-anti-mouse-ly-6g-antibody-4775
https://www.biolegend.com/en-us/products/fitc-anti-mouse-ly-6g-antibody-4775
https://www.biolegend.com/en-us/products/pacific-blue-anti-mouse-ly-6g-antibody-6082
https://www.biolegend.com/en-us/products/pacific-blue-anti-mouse-ly-6g-antibody-6082
https://www.biolegend.com/en-us/products/pe-anti-mouse-ly-6g-antibody-4777
https://www.biolegend.com/en-us/products/pe-anti-mouse-ly-6g-antibody-4777
https://www.biolegend.com/en-us/products/pe-cyanine5-anti-mouse-ly-6g-antibody-21576
https://www.biolegend.com/en-us/products/pe-cyanine5-anti-mouse-ly-6g-antibody-21576
https://www.biolegend.com/en-us/products/pe-cyanine7-anti-mouse-ly-6g-antibody-6139
https://www.biolegend.com/en-us/products/pe-cyanine7-anti-mouse-ly-6g-antibody-6139
https://www.biolegend.com/en-us/products/pe-dazzle-594-anti-mouse-ly-6g-antibody-12246
https://www.biolegend.com/en-us/products/pe-dazzle-594-anti-mouse-ly-6g-antibody-12246
https://www.biolegend.com/en-us/products/pe-fire-640-anti-mouse-ly-6g-antibody-22238
https://www.biolegend.com/en-us/products/pe-fire-640-anti-mouse-ly-6g-antibody-22238
https://www.biolegend.com/en-us/products/pe-fire-810-anti-mouse-ly-6g-antibody-21590
https://www.biolegend.com/en-us/products/percp-anti-mouse-ly-6g-antibody-13351
https://www.biolegend.com/en-us/products/percp-anti-mouse-ly-6g-antibody-13351
https://www.biolegend.com/en-us/products/percp-cyanine5-5-anti-mouse-ly-6g-antibody-6116
https://www.biolegend.com/en-us/products/percp-cyanine5-5-anti-mouse-ly-6g-antibody-6116
https://www.biolegend.com/en-us/products/purified-anti-mouse-ly-6g-maxpar-ready-antibody-10114
https://www.biolegend.com/en-us/products/purified-anti-mouse-ly-6g-antibody-4767
https://www.biolegend.com/en-us/products/purified-anti-mouse-ly-6g-antibody-4767
https://www.biolegend.com/en-us/products/spark-blue-550-anti-mouse-ly-6g-antibody-19228
https://www.biolegend.com/en-us/products/spark-blue-550-anti-mouse-ly-6g-antibody-19228
https://www.biolegend.com/en-us/products/spark-nir-685-anti-mouse-ly-6g-antibody-19731
https://www.biolegend.com/en-us/products/spark-nir-685-anti-mouse-ly-6g-antibody-19731
https://www.biolegend.com/en-us/products/spark-uv-387-anti-mouse-ly-6g-antibody-22134
https://www.biolegend.com/en-us/products/spark-uv-387-anti-mouse-ly-6g-antibody-22134
https://www.biolegend.com/en-us/products/spark-yg-593-anti-mouse-ly-6g-antibody-20912
https://www.biolegend.com/en-us/products/spark-yg-593-anti-mouse-ly-6g-antibody-20912
https://www.biolegend.com/en-us/products/totalseq-a0015-anti-mouse-ly-6g-16212
https://www.biolegend.com/en-us/products/totalseq-b0015-anti-mouse-ly-6g-antibody-18683
https://www.biolegend.com/en-us/products/totalseq-c0015-anti-mouse-ly-6g-antibody-18407
https://www.biolegend.com/en-us/products/ultra-leaf-purified-anti-mouse-ly-6g-antibody-7740
https://www.biolegend.com/en-us/products/ultra-leaf-purified-anti-mouse-ly-6g-antibody-7740
